[__main__            ] Python         : 3.10.6  
[__main__            ] Conda Env      : dj41py310 
[__main__            ] LogFile        : xUploadOrgDB_20230330_122626.log 
[__main__            ] Django         : 4.1.3 
[__main__            ] Django Folder  : C:/Data/A02_WorkDB/03_Django/adjCOADD 
[__main__            ] Django Project : adjcoadd.settings 
[__main__            ] [Upd_djCOADD] Table: OrgBatch 
[__main__            ] [Upd_djCOADD] User:  J.Zuegg 
[__main__            ] [Upd_djCOADD] OrgBatch from oraCastDB 
[oraCastDB.oraCastDB ] [OrgDB] Connecting to OrgDB  
[zSql.zSqlConnector  ] [Oracle] orgdb@coadb [SID: 16] 
[b_upload_dOrganism  ] [OrgBatch] ...  
[b_upload_dOrganism  ] [OrgBatch] 1963  
[zSql.zSqlConnector  ] [Oracle] orgdb@coadb [Closed]  
[b_upload_dOrganism  ]  -> GN_0060_01 as J.Zuegg 
[b_upload_dOrganism  ]  -> GN_0061_01 as J.Zuegg 
[b_upload_dOrganism  ]  -> GN_0062_01 as J.Zuegg 
[b_upload_dOrganism  ]  -> GN_0063_01 as J.Zuegg 
[b_upload_dOrganism  ]  -> GN_0064_01 as J.Zuegg 
[b_upload_dOrganism  ]  -> GN_0065_01 as J.Zuegg 
[b_upload_dOrganism  ]  -> GN_0066_01 as J.Zuegg 
[b_upload_dOrganism  ]  -> GN_0067_01 as J.Zuegg 
[b_upload_dOrganism  ]  -> GN_0068_01 as J.Zuegg 
[b_upload_dOrganism  ]  -> GN_0069_01 as J.Zuegg 
[b_upload_dOrganism  ]  -> GN_0070_01 as J.Zuegg 
[b_upload_dOrganism  ]  -> GN_0071_01 as J.Zuegg 
[b_upload_dOrganism  ]  -> GN_0072_01 as J.Zuegg 
[b_upload_dOrganism  ]  -> GN_0073_01 as J.Zuegg 
[b_upload_dOrganism  ] GN_0074_01 {'biologist': ['This field cannot be blank.']}  
[b_upload_dOrganism  ]  -> GN_0074_01 as J.Zuegg 
[b_upload_dOrganism  ]  -> GN_0075_01 as J.Zuegg 
[b_upload_dOrganism  ]  -> GN_0076_01 as J.Zuegg 
[b_upload_dOrganism  ]  -> GN_0077_01 as J.Zuegg 
[b_upload_dOrganism  ]  -> GN_0078_01 as J.Zuegg 
[b_upload_dOrganism  ]  -> GN_0079_01 as J.Zuegg 
[b_upload_dOrganism  ]  -> GN_0080_01 as J.Zuegg 
[b_upload_dOrganism  ]  -> GN_0081_01 as J.Zuegg 
[b_upload_dOrganism  ]  -> GN_0082_01 as J.Zuegg 
[b_upload_dOrganism  ]  -> GN_0083_01 as J.Zuegg 
[b_upload_dOrganism  ]  -> GN_0084_01 as J.Zuegg 
[b_upload_dOrganism  ]  -> GN_0085_01 as J.Zuegg 
[b_upload_dOrganism  ]  -> GN_0086_01 as J.Zuegg 
[b_upload_dOrganism  ]  -> GN_0087_01 as J.Zuegg 
[b_upload_dOrganism  ]  -> GN_0088_01 as J.Zuegg 
[b_upload_dOrganism  ]  -> GN_0089_01 as J.Zuegg 
[b_upload_dOrganism  ]  -> GN_0090_01 as J.Zuegg 
[b_upload_dOrganism  ]  -> GN_0091_01 as J.Zuegg 
[b_upload_dOrganism  ]  -> GN_0092_01 as J.Zuegg 
[b_upload_dOrganism  ]  -> GN_0093_01 as J.Zuegg 
[b_upload_dOrganism  ]  -> GN_0094_01 as J.Zuegg 
[b_upload_dOrganism  ]  -> GN_0095_01 as J.Zuegg 
[b_upload_dOrganism  ]  -> GN_0096_01 as J.Zuegg 
[b_upload_dOrganism  ]  -> GN_0097_01 as J.Zuegg 
[b_upload_dOrganism  ]  -> GN_0098_01 as J.Zuegg 
[b_upload_dOrganism  ]  -> GN_0099_01 as J.Zuegg 
[b_upload_dOrganism  ]  -> GN_0100_01 as J.Zuegg 
[b_upload_dOrganism  ]  -> GN_0101_01 as J.Zuegg 
