[__main__            ] Python         : 3.10.6  
[__main__            ] Conda Env      : dj41py310 
[__main__            ] LogFile        : xUploadOrgDB_20230330_131433.log 
[__main__            ] Django         : 4.1.3 
[__main__            ] Django Folder  : C:/Data/A02_WorkDB/03_Django/adjCOADD 
[__main__            ] Django Project : adjcoadd.settings 
[__main__            ] [Upd_djCOADD] Table: Vitek 
[__main__            ] [Upd_djCOADD] User:  J.Zuegg 
[__main__            ] [Upd_djCOADD] Vitek from folder ..\..\01_Data\02_Uploads\Vitek\LMIC\AST_Comparision\ 
[d_upload_Vitek      ] ------------------------------------------------------------------------- 
[d_upload_Vitek      ] [Vitek    ]   1/ 92 - Isolate_GN0584B001P-2_GN096_EUCAST_K.pneumoniae.pdf   [J.Zuegg]  
[ddrug.util_vitek    ] [Vitek-AST]  GN_0584_01 - AST-GN96   (6861910203400677) - Klebsiella pneumoniae  
[ddrug.util_vitek    ] [Vitek    ] Cards:    1 - ID:    0 - AST:    9  
[apputil.utils       ] Error   - Isolate_GN0584B001P-2_GN096_EUCAST_K.pneumoniae.pdf : VITEK card does not Exists (AST-GN96 (6861910203400677)) -  
[d_upload_Vitek      ] ------------------------------------------------------------------------- 
[d_upload_Vitek      ] [Vitek    ]   2/ 92 - Isolate_GN0584B001P-2_GN96_CLSI.pdf   [J.Zuegg]  
[ddrug.util_vitek    ] [Vitek-AST]  GN_0584_01 - AST-GN96   (6861910203400677) - Klebsiella pneumoniae ssp pneumoniae  
[ddrug.util_vitek    ] [Vitek    ] Cards:    1 - ID:    0 - AST:   18  
[apputil.utils       ] Error   - Isolate_GN0584B001P-2_GN96_CLSI.pdf : VITEK card does not Exists (AST-GN96 (6861910203400677)) -  
[d_upload_Vitek      ] ------------------------------------------------------------------------- 
[d_upload_Vitek      ] [Vitek    ]   3/ 92 - Isolate_GN0584B001P-2_GN96_CLSI_K.pneumoniae.pdf   [J.Zuegg]  
[ddrug.util_vitek    ] [Vitek-AST]  GN_0584_01 - AST-GN96   (6861910203400677) - Klebsiella pneumoniae  
[ddrug.util_vitek    ] [Vitek    ] Cards:    1 - ID:    0 - AST:   18  
[apputil.utils       ] Error   - Isolate_GN0584B001P-2_GN96_CLSI_K.pneumoniae.pdf : VITEK card does not Exists (AST-GN96 (6861910203400677)) -  
[d_upload_Vitek      ] ------------------------------------------------------------------------- 
[d_upload_Vitek      ] [Vitek    ]   4/ 92 - Isolate_GN0584B001P-2_GN96_EUCAST.pdf   [J.Zuegg]  
[ddrug.util_vitek    ] [Vitek-AST]  GN_0584_01 - AST-GN96   (6861910203400677) - Klebsiella pneumoniae ssp pneumoniae  
[ddrug.util_vitek    ] [Vitek    ] Cards:    1 - ID:    0 - AST:    9  
[apputil.utils       ] Error   - Isolate_GN0584B001P-2_GN96_EUCAST.pdf : VITEK card does not Exists (AST-GN96 (6861910203400677)) -  
[d_upload_Vitek      ] ------------------------------------------------------------------------- 
[d_upload_Vitek      ] [Vitek    ]   5/ 92 - Isolate_GN0585B001P-2_GN096_EUCAST_K.pneumoniae.pdf   [J.Zuegg]  
[ddrug.util_vitek    ] [Vitek-AST]  GN_0585_01 - AST-GN96   (6861910203400664) - Klebsiella pneumoniae  
[ddrug.util_vitek    ] [Vitek    ] Cards:    1 - ID:    0 - AST:    9  
[apputil.utils       ] Error   - Isolate_GN0585B001P-2_GN096_EUCAST_K.pneumoniae.pdf : VITEK card does not Exists (AST-GN96 (6861910203400664)) -  
[d_upload_Vitek      ] ------------------------------------------------------------------------- 
[d_upload_Vitek      ] [Vitek    ]   6/ 92 - Isolate_GN0585B001P-2_GN96_CLSI.pdf   [J.Zuegg]  
[ddrug.util_vitek    ] [Vitek-AST]  GN_0585_01 - AST-GN96   (6861910203400664) - Klebsiella pneumoniae ssp pneumoniae  
[ddrug.util_vitek    ] [Vitek    ] Cards:    1 - ID:    0 - AST:   18  
[apputil.utils       ] Error   - Isolate_GN0585B001P-2_GN96_CLSI.pdf : VITEK card does not Exists (AST-GN96 (6861910203400664)) -  
[d_upload_Vitek      ] ------------------------------------------------------------------------- 
[d_upload_Vitek      ] [Vitek    ]   7/ 92 - Isolate_GN0585B001P-2_GN96_CLSI_K.pnemoniae.pdf   [J.Zuegg]  
[ddrug.util_vitek    ] [Vitek-AST]  GN_0585_01 - AST-GN96   (6861910203400664) - Klebsiella pneumoniae  
[ddrug.util_vitek    ] [Vitek    ] Cards:    1 - ID:    0 - AST:   18  
[apputil.utils       ] Error   - Isolate_GN0585B001P-2_GN96_CLSI_K.pnemoniae.pdf : VITEK card does not Exists (AST-GN96 (6861910203400664)) -  
[d_upload_Vitek      ] ------------------------------------------------------------------------- 
[d_upload_Vitek      ] [Vitek    ]   8/ 92 - Isolate_GN0585B001P-2_GN96_EUCAST.pdf   [J.Zuegg]  
[ddrug.util_vitek    ] [Vitek-AST]  GN_0585_01 - AST-GN96   (6861910203400664) - Klebsiella pneumoniae ssp pneumoniae  
[ddrug.util_vitek    ] [Vitek    ] Cards:    1 - ID:    0 - AST:    9  
[apputil.utils       ] Error   - Isolate_GN0585B001P-2_GN96_EUCAST.pdf : VITEK card does not Exists (AST-GN96 (6861910203400664)) -  
[d_upload_Vitek      ] ------------------------------------------------------------------------- 
[d_upload_Vitek      ] [Vitek    ]   9/ 92 - Isolate_GN0587B001P-2_GN096_EUCAST_K.pneumoniae.pdf   [J.Zuegg]  
[ddrug.util_vitek    ] [Vitek-AST]  GN_0587_01 - AST-GN96   (6861910203400663) - Klebsiella pneumoniae  
[ddrug.util_vitek    ] [Vitek    ] Cards:    1 - ID:    0 - AST:    9  
[apputil.utils       ] Error   - Isolate_GN0587B001P-2_GN096_EUCAST_K.pneumoniae.pdf : VITEK card does not Exists (AST-GN96 (6861910203400663)) -  
[d_upload_Vitek      ] ------------------------------------------------------------------------- 
[d_upload_Vitek      ] [Vitek    ]  10/ 92 - Isolate_GN0587B001P-2_GN96_CLSI.pdf   [J.Zuegg]  
[ddrug.util_vitek    ] [Vitek-AST]  GN_0587_01 - AST-GN96   (6861910203400663) - Klebsiella pneumoniae ssp pneumoniae  
[ddrug.util_vitek    ] [Vitek    ] Cards:    1 - ID:    0 - AST:   18  
[apputil.utils       ] Error   - Isolate_GN0587B001P-2_GN96_CLSI.pdf : VITEK card does not Exists (AST-GN96 (6861910203400663)) -  
[d_upload_Vitek      ] ------------------------------------------------------------------------- 
[d_upload_Vitek      ] [Vitek    ]  11/ 92 - Isolate_GN0587B001P-2_GN96_CLSI_K.pneumoniae.pdf   [J.Zuegg]  
[ddrug.util_vitek    ] [Vitek-AST]  GN_0587_01 - AST-GN96   (6861910203400663) - Klebsiella pneumoniae  
[ddrug.util_vitek    ] [Vitek    ] Cards:    1 - ID:    0 - AST:   18  
[apputil.utils       ] Error   - Isolate_GN0587B001P-2_GN96_CLSI_K.pneumoniae.pdf : VITEK card does not Exists (AST-GN96 (6861910203400663)) -  
[d_upload_Vitek      ] ------------------------------------------------------------------------- 
[d_upload_Vitek      ] [Vitek    ]  12/ 92 - Isolate_GN0587B001P-2_GN96_EUCAST.pdf   [J.Zuegg]  
[ddrug.util_vitek    ] [Vitek-AST]  GN_0587_01 - AST-GN96   (6861910203400663) - Klebsiella pneumoniae ssp pneumoniae  
[ddrug.util_vitek    ] [Vitek    ] Cards:    1 - ID:    0 - AST:    9  
[apputil.utils       ] Error   - Isolate_GN0587B001P-2_GN96_EUCAST.pdf : VITEK card does not Exists (AST-GN96 (6861910203400663)) -  
[d_upload_Vitek      ] ------------------------------------------------------------------------- 
[d_upload_Vitek      ] [Vitek    ]  13/ 92 - Isolate_GN0588B001P-2_GN096_EUCAST_K.pneumoniae.pdf   [J.Zuegg]  
[ddrug.util_vitek    ] [Vitek-AST]  GN_0588_01 - AST-GN96   (6861910203400662) - Klebsiella pneumoniae  
[ddrug.util_vitek    ] [Vitek    ] Cards:    1 - ID:    0 - AST:    9  
[apputil.utils       ] Error   - Isolate_GN0588B001P-2_GN096_EUCAST_K.pneumoniae.pdf : VITEK card does not Exists (AST-GN96 (6861910203400662)) -  
[d_upload_Vitek      ] ------------------------------------------------------------------------- 
[d_upload_Vitek      ] [Vitek    ]  14/ 92 - Isolate_GN0588B001P-2_GN96_CLSI.pdf   [J.Zuegg]  
[ddrug.util_vitek    ] [Vitek-AST]  GN_0588_01 - AST-GN96   (6861910203400662) - Klebsiella pneumoniae ssp pneumoniae  
[ddrug.util_vitek    ] [Vitek    ] Cards:    1 - ID:    0 - AST:   18  
[apputil.utils       ] Error   - Isolate_GN0588B001P-2_GN96_CLSI.pdf : VITEK card does not Exists (AST-GN96 (6861910203400662)) -  
[d_upload_Vitek      ] ------------------------------------------------------------------------- 
[d_upload_Vitek      ] [Vitek    ]  15/ 92 - Isolate_GN0588B001P-2_GN96_CLSI_K.pneumoniae.pdf   [J.Zuegg]  
[ddrug.util_vitek    ] [Vitek-AST]  GN_0588_01 - AST-GN96   (6861910203400662) - Klebsiella pneumoniae  
[ddrug.util_vitek    ] [Vitek    ] Cards:    1 - ID:    0 - AST:   18  
[apputil.utils       ] Error   - Isolate_GN0588B001P-2_GN96_CLSI_K.pneumoniae.pdf : VITEK card does not Exists (AST-GN96 (6861910203400662)) -  
[d_upload_Vitek      ] ------------------------------------------------------------------------- 
[d_upload_Vitek      ] [Vitek    ]  16/ 92 - Isolate_GN0588B001P-2_GN96_EUCAST.pdf   [J.Zuegg]  
[ddrug.util_vitek    ] [Vitek-AST]  GN_0588_01 - AST-GN96   (6861910203400662) - Klebsiella pneumoniae ssp pneumoniae  
[ddrug.util_vitek    ] [Vitek    ] Cards:    1 - ID:    0 - AST:    9  
[apputil.utils       ] Error   - Isolate_GN0588B001P-2_GN96_EUCAST.pdf : VITEK card does not Exists (AST-GN96 (6861910203400662)) -  
[d_upload_Vitek      ] ------------------------------------------------------------------------- 
[d_upload_Vitek      ] [Vitek    ]  17/ 92 - Isolate_GN0662B001P-1_N411_CLSI.pdf   [J.Zuegg]  
[ddrug.util_vitek    ] [Vitek-ID ]  GN_0662_01 - GN         (2411618403216766) - Klebsiella pneumoniae ssp ozaenae  
[ddrug.util_vitek    ] [Vitek-AST]  GN_0662_01 - AST-N411   (0131648504723481) - Klebsiella pneumoniae ssp ozaenae  
[ddrug.util_vitek    ] [Vitek    ] Cards:    2 - ID:    1 - AST:   14  
[apputil.utils       ] Error   - Isolate_GN0662B001P-1_N411_CLSI.pdf : VITEK card does not Exists (GN (2411618403216766)) -  
[apputil.utils       ] Error   - Isolate_GN0662B001P-1_N411_CLSI.pdf : VITEK card does not Exists (AST-N411 (0131648504723481)) -  
[d_upload_Vitek      ] ------------------------------------------------------------------------- 
[d_upload_Vitek      ] [Vitek    ]  18/ 92 - Isolate_GN0662B001P-1_N411_CLSI_KP.p.pdf   [J.Zuegg]  
[ddrug.util_vitek    ] [Vitek-AST]  GN_0662_01 - AST-N411   (0131648504723481) - Klebsiella pneumoniae ssp pneumoniae  
[ddrug.util_vitek    ] [Vitek    ] Cards:    1 - ID:    0 - AST:   14  
[apputil.utils       ] Error   - Isolate_GN0662B001P-1_N411_CLSI_KP.p.pdf : VITEK card does not Exists (AST-N411 (0131648504723481)) -  
[d_upload_Vitek      ] ------------------------------------------------------------------------- 
[d_upload_Vitek      ] [Vitek    ]  19/ 92 - Isolate_GN0662B001P-1_N411_EUCAST.pdf   [J.Zuegg]  
[ddrug.util_vitek    ] [Vitek-ID ]  GN_0662_01 - GN         (2411618403216766) - Klebsiella pneumoniae ssp ozaenae  
[ddrug.util_vitek    ] [Vitek-AST]  GN_0662_01 - AST-N411   (0131648504723481) - Klebsiella pneumoniae ssp ozaenae  
[ddrug.util_vitek    ] [Vitek    ] Cards:    2 - ID:    1 - AST:   14  
[apputil.utils       ] Error   - Isolate_GN0662B001P-1_N411_EUCAST.pdf : VITEK card does not Exists (GN (2411618403216766)) -  
[apputil.utils       ] Error   - Isolate_GN0662B001P-1_N411_EUCAST.pdf : VITEK card does not Exists (AST-N411 (0131648504723481)) -  
[d_upload_Vitek      ] ------------------------------------------------------------------------- 
[d_upload_Vitek      ] [Vitek    ]  20/ 92 - Isolate_GN0662B001P-1_N411_EUCAST_KP.p.pdf   [J.Zuegg]  
