[__main__            ] Python         : 3.10.6  
[__main__            ] Conda Env      : dj41py310 
[__main__            ] LogFile        : xUploadOrgDB_20230330_131409.log 
[__main__            ] Django         : 4.1.3 
[__main__            ] Django Folder  : C:/Data/A02_WorkDB/03_Django/adjCOADD 
[__main__            ] Django Project : adjcoadd.settings 
[__main__            ] [Upd_djCOADD] Table: Drug 
[__main__            ] [Upd_djCOADD] User:  J.Zuegg 
[__main__            ] [Upd_djCOADD] Drug from [Drug] in C:/Data/A02_WorkDB/03_Django/adjCOADD/impdata/Data\DrugData_v02.xlsx 
[c_upload_dDrug      ] [adjCOADD] Read C:/Data/A02_WorkDB/03_Django/adjCOADD/impdata/Data\DrugData_v02.xlsx[Drug]  
[c_upload_dDrug      ]  XX Amikacin () {'drug_id': ['This field cannot be blank.'], 'drug_othernames': ['This field cannot be blank.'], 'drug_codes': ['This field cannot be blank.'], 'torsionbv': ['This field cannot be blank.'], 'ffp2': ['This field cannot be blank.'], 'mfp2': ['This field cannot be blank.']}  
[c_upload_dDrug      ]  XX Amoxicillin () {'drug_id': ['This field cannot be blank.'], 'drug_othernames': ['This field cannot be blank.'], 'drug_codes': ['This field cannot be blank.'], 'torsionbv': ['This field cannot be blank.'], 'ffp2': ['This field cannot be blank.'], 'mfp2': ['This field cannot be blank.']}  
[c_upload_dDrug      ]  XX Amoxicillin|Clavulanic acid () {'drug_id': ['This field cannot be blank.'], 'drug_othernames': ['This field cannot be blank.'], 'drug_codes': ['This field cannot be blank.'], 'torsionbv': ['This field cannot be blank.'], 'ffp2': ['This field cannot be blank.'], 'mfp2': ['This field cannot be blank.']}  
[c_upload_dDrug      ]  XX Amphotericin B () {'drug_id': ['This field cannot be blank.'], 'drug_othernames': ['This field cannot be blank.'], 'drug_codes': ['This field cannot be blank.'], 'torsionbv': ['This field cannot be blank.'], 'ffp2': ['This field cannot be blank.'], 'mfp2': ['This field cannot be blank.']}  
[c_upload_dDrug      ]  XX Ampicillin () {'drug_id': ['This field cannot be blank.'], 'drug_codes': ['This field cannot be blank.'], 'torsionbv': ['This field cannot be blank.'], 'ffp2': ['This field cannot be blank.'], 'mfp2': ['This field cannot be blank.']}  
[c_upload_dDrug      ]  XX Ampicillin|Sulbactam () {'drug_id': ['This field cannot be blank.'], 'drug_othernames': ['This field cannot be blank.'], 'drug_codes': ['This field cannot be blank.'], 'torsionbv': ['This field cannot be blank.'], 'ffp2': ['This field cannot be blank.'], 'mfp2': ['This field cannot be blank.']}  
[c_upload_dDrug      ]  XX Anidulafungin () {'drug_id': ['This field cannot be blank.'], 'drug_othernames': ['This field cannot be blank.'], 'drug_codes': ['This field cannot be blank.'], 'torsionbv': ['This field cannot be blank.'], 'ffp2': ['This field cannot be blank.'], 'mfp2': ['This field cannot be blank.']}  
[c_upload_dDrug      ]  XX Apramycin () {'drug_id': ['This field cannot be blank.'], 'drug_codes': ['This field cannot be blank.'], 'torsionbv': ['This field cannot be blank.'], 'ffp2': ['This field cannot be blank.'], 'mfp2': ['This field cannot be blank.']}  
[c_upload_dDrug      ]  XX Avibactam () {'drug_id': ['This field cannot be blank.'], 'drug_othernames': ['This field cannot be blank.'], 'drug_codes': ['This field cannot be blank.'], 'torsionbv': ['This field cannot be blank.'], 'ffp2': ['This field cannot be blank.'], 'mfp2': ['This field cannot be blank.']}  
[c_upload_dDrug      ]  XX Azithromycin () {'drug_id': ['This field cannot be blank.'], 'drug_othernames': ['This field cannot be blank.'], 'drug_codes': ['This field cannot be blank.'], 'torsionbv': ['This field cannot be blank.'], 'ffp2': ['This field cannot be blank.'], 'mfp2': ['This field cannot be blank.']}  
[c_upload_dDrug      ]  XX Azlocillin () {'drug_id': ['This field cannot be blank.'], 'drug_othernames': ['This field cannot be blank.'], 'drug_codes': ['This field cannot be blank.'], 'torsionbv': ['This field cannot be blank.'], 'ffp2': ['This field cannot be blank.'], 'mfp2': ['This field cannot be blank.']}  
[c_upload_dDrug      ]  XX Aztreonam () {'drug_id': ['This field cannot be blank.'], 'drug_othernames': ['This field cannot be blank.'], 'drug_codes': ['This field cannot be blank.'], 'torsionbv': ['This field cannot be blank.'], 'ffp2': ['This field cannot be blank.'], 'mfp2': ['This field cannot be blank.']}  
[c_upload_dDrug      ]  XX Aztreonam|Avibactam () {'drug_id': ['This field cannot be blank.'], 'drug_othernames': ['This field cannot be blank.'], 'drug_codes': ['This field cannot be blank.'], 'torsionbv': ['This field cannot be blank.'], 'ffp2': ['This field cannot be blank.'], 'mfp2': ['This field cannot be blank.']}  
[c_upload_dDrug      ]  XX Bedaquiline () {'drug_id': ['This field cannot be blank.'], 'drug_othernames': ['This field cannot be blank.'], 'drug_codes': ['This field cannot be blank.'], 'torsionbv': ['This field cannot be blank.'], 'ffp2': ['This field cannot be blank.'], 'mfp2': ['This field cannot be blank.']}  
[c_upload_dDrug      ]  XX Bekanamycin () {'drug_id': ['This field cannot be blank.'], 'drug_othernames': ['This field cannot be blank.'], 'drug_codes': ['This field cannot be blank.'], 'torsionbv': ['This field cannot be blank.'], 'ffp2': ['This field cannot be blank.'], 'mfp2': ['This field cannot be blank.']}  
[c_upload_dDrug      ]  XX Benzylpenicillin () {'drug_id': ['This field cannot be blank.'], 'drug_codes': ['This field cannot be blank.'], 'torsionbv': ['This field cannot be blank.'], 'ffp2': ['This field cannot be blank.'], 'mfp2': ['This field cannot be blank.']}  
[c_upload_dDrug      ]  XX Capreomycin () {'drug_id': ['This field cannot be blank.'], 'drug_othernames': ['This field cannot be blank.'], 'drug_codes': ['This field cannot be blank.'], 'torsionbv': ['This field cannot be blank.'], 'ffp2': ['This field cannot be blank.'], 'mfp2': ['This field cannot be blank.']}  
[c_upload_dDrug      ]  XX Carbenicillin () {'drug_id': ['This field cannot be blank.'], 'drug_othernames': ['This field cannot be blank.'], 'drug_codes': ['This field cannot be blank.'], 'torsionbv': ['This field cannot be blank.'], 'ffp2': ['This field cannot be blank.'], 'mfp2': ['This field cannot be blank.']}  
[c_upload_dDrug      ]  XX Caspofungin () {'drug_id': ['This field cannot be blank.'], 'drug_othernames': ['This field cannot be blank.'], 'drug_codes': ['This field cannot be blank.'], 'torsionbv': ['This field cannot be blank.'], 'ffp2': ['This field cannot be blank.'], 'mfp2': ['This field cannot be blank.']}  
[c_upload_dDrug      ]  XX Cefacetrile () {'drug_id': ['This field cannot be blank.'], 'drug_othernames': ['This field cannot be blank.'], 'drug_codes': ['This field cannot be blank.'], 'torsionbv': ['This field cannot be blank.'], 'ffp2': ['This field cannot be blank.'], 'mfp2': ['This field cannot be blank.']}  
[c_upload_dDrug      ]  XX Cefaclor () {'drug_id': ['This field cannot be blank.'], 'drug_othernames': ['This field cannot be blank.'], 'drug_codes': ['This field cannot be blank.'], 'torsionbv': ['This field cannot be blank.'], 'ffp2': ['This field cannot be blank.'], 'mfp2': ['This field cannot be blank.']}  
[c_upload_dDrug      ]  XX Cefadroxil () {'drug_id': ['This field cannot be blank.'], 'drug_othernames': ['This field cannot be blank.'], 'drug_codes': ['This field cannot be blank.'], 'torsionbv': ['This field cannot be blank.'], 'ffp2': ['This field cannot be blank.'], 'mfp2': ['This field cannot be blank.']}  
[c_upload_dDrug      ]  XX Cefalexin () {'drug_id': ['This field cannot be blank.'], 'drug_codes': ['This field cannot be blank.'], 'torsionbv': ['This field cannot be blank.'], 'ffp2': ['This field cannot be blank.'], 'mfp2': ['This field cannot be blank.']}  
[c_upload_dDrug      ]  XX Cefaloglycin () {'drug_id': ['This field cannot be blank.'], 'drug_othernames': ['This field cannot be blank.'], 'drug_codes': ['This field cannot be blank.'], 'torsionbv': ['This field cannot be blank.'], 'ffp2': ['This field cannot be blank.'], 'mfp2': ['This field cannot be blank.']}  
[c_upload_dDrug      ]  XX Cefalonium () {'drug_id': ['This field cannot be blank.'], 'drug_othernames': ['This field cannot be blank.'], 'drug_codes': ['This field cannot be blank.'], 'torsionbv': ['This field cannot be blank.'], 'ffp2': ['This field cannot be blank.'], 'mfp2': ['This field cannot be blank.']}  
[c_upload_dDrug      ]  XX Cefaloridine () {'drug_id': ['This field cannot be blank.'], 'drug_othernames': ['This field cannot be blank.'], 'drug_codes': ['This field cannot be blank.'], 'torsionbv': ['This field cannot be blank.'], 'ffp2': ['This field cannot be blank.'], 'mfp2': ['This field cannot be blank.']}  
[c_upload_dDrug      ]  XX Cefalotin () {'drug_id': ['This field cannot be blank.'], 'drug_codes': ['This field cannot be blank.'], 'torsionbv': ['This field cannot be blank.'], 'ffp2': ['This field cannot be blank.'], 'mfp2': ['This field cannot be blank.']}  
[c_upload_dDrug      ]  XX Cefamandole () {'drug_id': ['This field cannot be blank.'], 'drug_othernames': ['This field cannot be blank.'], 'drug_codes': ['This field cannot be blank.'], 'torsionbv': ['This field cannot be blank.'], 'ffp2': ['This field cannot be blank.'], 'mfp2': ['This field cannot be blank.']}  
[c_upload_dDrug      ]  XX Cefapirin () {'drug_id': ['This field cannot be blank.'], 'drug_codes': ['This field cannot be blank.'], 'torsionbv': ['This field cannot be blank.'], 'ffp2': ['This field cannot be blank.'], 'mfp2': ['This field cannot be blank.']}  
[c_upload_dDrug      ]  XX Cefatrizine () {'drug_id': ['This field cannot be blank.'], 'drug_othernames': ['This field cannot be blank.'], 'drug_codes': ['This field cannot be blank.'], 'torsionbv': ['This field cannot be blank.'], 'ffp2': ['This field cannot be blank.'], 'mfp2': ['This field cannot be blank.']}  
[c_upload_dDrug      ]  XX Cefazaflur () {'drug_id': ['This field cannot be blank.'], 'drug_othernames': ['This field cannot be blank.'], 'drug_codes': ['This field cannot be blank.'], 'torsionbv': ['This field cannot be blank.'], 'ffp2': ['This field cannot be blank.'], 'mfp2': ['This field cannot be blank.']}  
[c_upload_dDrug      ]  XX Cefazedone () {'drug_id': ['This field cannot be blank.'], 'drug_othernames': ['This field cannot be blank.'], 'drug_codes': ['This field cannot be blank.'], 'torsionbv': ['This field cannot be blank.'], 'ffp2': ['This field cannot be blank.'], 'mfp2': ['This field cannot be blank.']}  
[c_upload_dDrug      ]  XX Cefazolin () {'drug_id': ['This field cannot be blank.'], 'drug_othernames': ['This field cannot be blank.'], 'drug_codes': ['This field cannot be blank.'], 'torsionbv': ['This field cannot be blank.'], 'ffp2': ['This field cannot be blank.'], 'mfp2': ['This field cannot be blank.']}  
[c_upload_dDrug      ]  XX Cefcapene () {'drug_id': ['This field cannot be blank.'], 'drug_othernames': ['This field cannot be blank.'], 'drug_codes': ['This field cannot be blank.'], 'torsionbv': ['This field cannot be blank.'], 'ffp2': ['This field cannot be blank.'], 'mfp2': ['This field cannot be blank.']}  
[c_upload_dDrug      ]  XX Cefclidine () {'drug_id': ['This field cannot be blank.'], 'drug_othernames': ['This field cannot be blank.'], 'drug_codes': ['This field cannot be blank.'], 'torsionbv': ['This field cannot be blank.'], 'ffp2': ['This field cannot be blank.'], 'mfp2': ['This field cannot be blank.']}  
[c_upload_dDrug      ]  XX Cefdaloxime () {'drug_id': ['This field cannot be blank.'], 'drug_othernames': ['This field cannot be blank.'], 'drug_codes': ['This field cannot be blank.'], 'torsionbv': ['This field cannot be blank.'], 'ffp2': ['This field cannot be blank.'], 'mfp2': ['This field cannot be blank.']}  
[c_upload_dDrug      ]  XX Cefdinir () {'drug_id': ['This field cannot be blank.'], 'drug_othernames': ['This field cannot be blank.'], 'drug_codes': ['This field cannot be blank.'], 'torsionbv': ['This field cannot be blank.'], 'ffp2': ['This field cannot be blank.'], 'mfp2': ['This field cannot be blank.']}  
[c_upload_dDrug      ]  XX Cefditoren () {'drug_id': ['This field cannot be blank.'], 'drug_othernames': ['This field cannot be blank.'], 'drug_codes': ['This field cannot be blank.'], 'torsionbv': ['This field cannot be blank.'], 'ffp2': ['This field cannot be blank.'], 'mfp2': ['This field cannot be blank.']}  
[c_upload_dDrug      ]  XX Cefditoren pivoxil () {'drug_id': ['This field cannot be blank.'], 'drug_othernames': ['This field cannot be blank.'], 'drug_codes': ['This field cannot be blank.'], 'torsionbv': ['This field cannot be blank.'], 'ffp2': ['This field cannot be blank.'], 'mfp2': ['This field cannot be blank.']}  
[c_upload_dDrug      ]  XX Cefepime () {'drug_id': ['This field cannot be blank.'], 'drug_othernames': ['This field cannot be blank.'], 'drug_codes': ['This field cannot be blank.'], 'torsionbv': ['This field cannot be blank.'], 'ffp2': ['This field cannot be blank.'], 'mfp2': ['This field cannot be blank.']}  
[c_upload_dDrug      ]  XX Cefepime|Zidebactam () {'drug_id': ['This field cannot be blank.'], 'drug_othernames': ['This field cannot be blank.'], 'drug_codes': ['This field cannot be blank.'], 'torsionbv': ['This field cannot be blank.'], 'ffp2': ['This field cannot be blank.'], 'mfp2': ['This field cannot be blank.']}  
[c_upload_dDrug      ]  XX Cefetamet () {'drug_id': ['This field cannot be blank.'], 'drug_othernames': ['This field cannot be blank.'], 'drug_codes': ['This field cannot be blank.'], 'torsionbv': ['This field cannot be blank.'], 'ffp2': ['This field cannot be blank.'], 'mfp2': ['This field cannot be blank.']}  
[c_upload_dDrug      ]  XX Cefixime () {'drug_id': ['This field cannot be blank.'], 'drug_othernames': ['This field cannot be blank.'], 'drug_codes': ['This field cannot be blank.'], 'torsionbv': ['This field cannot be blank.'], 'ffp2': ['This field cannot be blank.'], 'mfp2': ['This field cannot be blank.']}  
[c_upload_dDrug      ]  XX Cefluprenam () {'drug_id': ['This field cannot be blank.'], 'drug_othernames': ['This field cannot be blank.'], 'drug_codes': ['This field cannot be blank.'], 'torsionbv': ['This field cannot be blank.'], 'ffp2': ['This field cannot be blank.'], 'mfp2': ['This field cannot be blank.']}  
[c_upload_dDrug      ]  XX Cefmenoxime () {'drug_id': ['This field cannot be blank.'], 'drug_othernames': ['This field cannot be blank.'], 'drug_codes': ['This field cannot be blank.'], 'torsionbv': ['This field cannot be blank.'], 'ffp2': ['This field cannot be blank.'], 'mfp2': ['This field cannot be blank.']}  
[c_upload_dDrug      ]  XX Cefmetazole () {'drug_id': ['This field cannot be blank.'], 'drug_othernames': ['This field cannot be blank.'], 'drug_codes': ['This field cannot be blank.'], 'torsionbv': ['This field cannot be blank.'], 'ffp2': ['This field cannot be blank.'], 'mfp2': ['This field cannot be blank.']}  
[c_upload_dDrug      ]  XX Cefodizime () {'drug_id': ['This field cannot be blank.'], 'drug_othernames': ['This field cannot be blank.'], 'drug_codes': ['This field cannot be blank.'], 'torsionbv': ['This field cannot be blank.'], 'ffp2': ['This field cannot be blank.'], 'mfp2': ['This field cannot be blank.']}  
[c_upload_dDrug      ]  XX Cefonicid () {'drug_id': ['This field cannot be blank.'], 'drug_othernames': ['This field cannot be blank.'], 'drug_codes': ['This field cannot be blank.'], 'torsionbv': ['This field cannot be blank.'], 'ffp2': ['This field cannot be blank.'], 'mfp2': ['This field cannot be blank.']}  
[c_upload_dDrug      ]  XX Cefoperazone () {'drug_id': ['This field cannot be blank.'], 'drug_othernames': ['This field cannot be blank.'], 'drug_codes': ['This field cannot be blank.'], 'torsionbv': ['This field cannot be blank.'], 'ffp2': ['This field cannot be blank.'], 'mfp2': ['This field cannot be blank.']}  
[c_upload_dDrug      ]  XX Cefoselis () {'drug_id': ['This field cannot be blank.'], 'drug_othernames': ['This field cannot be blank.'], 'drug_codes': ['This field cannot be blank.'], 'torsionbv': ['This field cannot be blank.'], 'ffp2': ['This field cannot be blank.'], 'mfp2': ['This field cannot be blank.']}  
[c_upload_dDrug      ]  XX Cefotaxime () {'drug_id': ['This field cannot be blank.'], 'drug_othernames': ['This field cannot be blank.'], 'drug_codes': ['This field cannot be blank.'], 'torsionbv': ['This field cannot be blank.'], 'ffp2': ['This field cannot be blank.'], 'mfp2': ['This field cannot be blank.']}  
[c_upload_dDrug      ]  XX Cefotaxime|Clavulanic acid () {'drug_id': ['This field cannot be blank.'], 'drug_othernames': ['This field cannot be blank.'], 'drug_codes': ['This field cannot be blank.'], 'torsionbv': ['This field cannot be blank.'], 'ffp2': ['This field cannot be blank.'], 'mfp2': ['This field cannot be blank.']}  
[c_upload_dDrug      ]  XX Cefotetan () {'drug_id': ['This field cannot be blank.'], 'drug_othernames': ['This field cannot be blank.'], 'drug_codes': ['This field cannot be blank.'], 'torsionbv': ['This field cannot be blank.'], 'ffp2': ['This field cannot be blank.'], 'mfp2': ['This field cannot be blank.']}  
[c_upload_dDrug      ]  XX Cefovecin () {'drug_id': ['This field cannot be blank.'], 'drug_othernames': ['This field cannot be blank.'], 'drug_codes': ['This field cannot be blank.'], 'torsionbv': ['This field cannot be blank.'], 'ffp2': ['This field cannot be blank.'], 'mfp2': ['This field cannot be blank.']}  
[c_upload_dDrug      ]  XX Cefoxitin () {'drug_id': ['This field cannot be blank.'], 'drug_othernames': ['This field cannot be blank.'], 'drug_codes': ['This field cannot be blank.'], 'torsionbv': ['This field cannot be blank.'], 'ffp2': ['This field cannot be blank.'], 'mfp2': ['This field cannot be blank.']}  
[c_upload_dDrug      ]  XX Cefozopran () {'drug_id': ['This field cannot be blank.'], 'drug_othernames': ['This field cannot be blank.'], 'drug_codes': ['This field cannot be blank.'], 'torsionbv': ['This field cannot be blank.'], 'ffp2': ['This field cannot be blank.'], 'mfp2': ['This field cannot be blank.']}  
[c_upload_dDrug      ]  XX Cefpimizole () {'drug_id': ['This field cannot be blank.'], 'drug_othernames': ['This field cannot be blank.'], 'drug_codes': ['This field cannot be blank.'], 'torsionbv': ['This field cannot be blank.'], 'ffp2': ['This field cannot be blank.'], 'mfp2': ['This field cannot be blank.']}  
[c_upload_dDrug      ]  XX Cefpirome () {'drug_id': ['This field cannot be blank.'], 'drug_othernames': ['This field cannot be blank.'], 'drug_codes': ['This field cannot be blank.'], 'torsionbv': ['This field cannot be blank.'], 'ffp2': ['This field cannot be blank.'], 'mfp2': ['This field cannot be blank.']}  
[c_upload_dDrug      ]  XX Cefpodoxime () {'drug_id': ['This field cannot be blank.'], 'drug_othernames': ['This field cannot be blank.'], 'drug_codes': ['This field cannot be blank.'], 'torsionbv': ['This field cannot be blank.'], 'ffp2': ['This field cannot be blank.'], 'mfp2': ['This field cannot be blank.']}  
[c_upload_dDrug      ]  XX Cefprozil () {'drug_id': ['This field cannot be blank.'], 'drug_othernames': ['This field cannot be blank.'], 'drug_codes': ['This field cannot be blank.'], 'torsionbv': ['This field cannot be blank.'], 'ffp2': ['This field cannot be blank.'], 'mfp2': ['This field cannot be blank.']}  
[c_upload_dDrug      ]  XX Cefquinome () {'drug_id': ['This field cannot be blank.'], 'drug_othernames': ['This field cannot be blank.'], 'drug_codes': ['This field cannot be blank.'], 'torsionbv': ['This field cannot be blank.'], 'ffp2': ['This field cannot be blank.'], 'mfp2': ['This field cannot be blank.']}  
[c_upload_dDrug      ]  XX Cefradine () {'drug_id': ['This field cannot be blank.'], 'drug_othernames': ['This field cannot be blank.'], 'drug_codes': ['This field cannot be blank.'], 'torsionbv': ['This field cannot be blank.'], 'ffp2': ['This field cannot be blank.'], 'mfp2': ['This field cannot be blank.']}  
[c_upload_dDrug      ]  XX Cefroxadine () {'drug_id': ['This field cannot be blank.'], 'drug_othernames': ['This field cannot be blank.'], 'drug_codes': ['This field cannot be blank.'], 'torsionbv': ['This field cannot be blank.'], 'ffp2': ['This field cannot be blank.'], 'mfp2': ['This field cannot be blank.']}  
[c_upload_dDrug      ]  XX Ceftamere () {'drug_id': ['This field cannot be blank.'], 'drug_othernames': ['This field cannot be blank.'], 'drug_codes': ['This field cannot be blank.'], 'torsionbv': ['This field cannot be blank.'], 'ffp2': ['This field cannot be blank.'], 'mfp2': ['This field cannot be blank.']}  
[c_upload_dDrug      ]  XX Ceftaroline () {'drug_id': ['This field cannot be blank.'], 'drug_othernames': ['This field cannot be blank.'], 'drug_codes': ['This field cannot be blank.'], 'torsionbv': ['This field cannot be blank.'], 'ffp2': ['This field cannot be blank.'], 'mfp2': ['This field cannot be blank.']}  
[c_upload_dDrug      ]  XX Ceftazidime () {'drug_id': ['This field cannot be blank.'], 'drug_othernames': ['This field cannot be blank.'], 'drug_codes': ['This field cannot be blank.'], 'torsionbv': ['This field cannot be blank.'], 'ffp2': ['This field cannot be blank.'], 'mfp2': ['This field cannot be blank.']}  
[c_upload_dDrug      ]  XX Ceftazidime|Avibactam () {'drug_id': ['This field cannot be blank.'], 'drug_othernames': ['This field cannot be blank.'], 'drug_codes': ['This field cannot be blank.'], 'torsionbv': ['This field cannot be blank.'], 'ffp2': ['This field cannot be blank.'], 'mfp2': ['This field cannot be blank.']}  
[c_upload_dDrug      ]  XX Ceftazidime|Clavulanic acid () {'drug_id': ['This field cannot be blank.'], 'drug_othernames': ['This field cannot be blank.'], 'drug_codes': ['This field cannot be blank.'], 'torsionbv': ['This field cannot be blank.'], 'ffp2': ['This field cannot be blank.'], 'mfp2': ['This field cannot be blank.']}  
[c_upload_dDrug      ]  XX Cefteram () {'drug_id': ['This field cannot be blank.'], 'drug_othernames': ['This field cannot be blank.'], 'drug_codes': ['This field cannot be blank.'], 'torsionbv': ['This field cannot be blank.'], 'ffp2': ['This field cannot be blank.'], 'mfp2': ['This field cannot be blank.']}  
[c_upload_dDrug      ]  XX Ceftezole () {'drug_id': ['This field cannot be blank.'], 'drug_othernames': ['This field cannot be blank.'], 'drug_codes': ['This field cannot be blank.'], 'torsionbv': ['This field cannot be blank.'], 'ffp2': ['This field cannot be blank.'], 'mfp2': ['This field cannot be blank.']}  
[c_upload_dDrug      ]  XX Ceftibuten () {'drug_id': ['This field cannot be blank.'], 'drug_othernames': ['This field cannot be blank.'], 'drug_codes': ['This field cannot be blank.'], 'torsionbv': ['This field cannot be blank.'], 'ffp2': ['This field cannot be blank.'], 'mfp2': ['This field cannot be blank.']}  
[c_upload_dDrug      ]  XX Ceftiofur () {'drug_id': ['This field cannot be blank.'], 'drug_othernames': ['This field cannot be blank.'], 'drug_codes': ['This field cannot be blank.'], 'torsionbv': ['This field cannot be blank.'], 'ffp2': ['This field cannot be blank.'], 'mfp2': ['This field cannot be blank.']}  
[c_upload_dDrug      ]  XX Ceftiolene () {'drug_id': ['This field cannot be blank.'], 'drug_othernames': ['This field cannot be blank.'], 'drug_codes': ['This field cannot be blank.'], 'torsionbv': ['This field cannot be blank.'], 'ffp2': ['This field cannot be blank.'], 'mfp2': ['This field cannot be blank.']}  
[c_upload_dDrug      ]  XX Ceftizoxime () {'drug_id': ['This field cannot be blank.'], 'drug_othernames': ['This field cannot be blank.'], 'drug_codes': ['This field cannot be blank.'], 'torsionbv': ['This field cannot be blank.'], 'ffp2': ['This field cannot be blank.'], 'mfp2': ['This field cannot be blank.']}  
[c_upload_dDrug      ]  XX Ceftobiprole () {'drug_id': ['This field cannot be blank.'], 'drug_othernames': ['This field cannot be blank.'], 'drug_codes': ['This field cannot be blank.'], 'torsionbv': ['This field cannot be blank.'], 'ffp2': ['This field cannot be blank.'], 'mfp2': ['This field cannot be blank.']}  
[c_upload_dDrug      ]  XX Ceftolozane () {'drug_id': ['This field cannot be blank.'], 'drug_othernames': ['This field cannot be blank.'], 'drug_codes': ['This field cannot be blank.'], 'torsionbv': ['This field cannot be blank.'], 'ffp2': ['This field cannot be blank.'], 'mfp2': ['This field cannot be blank.']}  
[c_upload_dDrug      ]  XX Ceftolozane|Tazobactam () {'drug_id': ['This field cannot be blank.'], 'drug_othernames': ['This field cannot be blank.'], 'drug_codes': ['This field cannot be blank.'], 'torsionbv': ['This field cannot be blank.'], 'ffp2': ['This field cannot be blank.'], 'mfp2': ['This field cannot be blank.']}  
[c_upload_dDrug      ]  XX Ceftriaxone () {'drug_id': ['This field cannot be blank.'], 'drug_othernames': ['This field cannot be blank.'], 'drug_codes': ['This field cannot be blank.'], 'torsionbv': ['This field cannot be blank.'], 'ffp2': ['This field cannot be blank.'], 'mfp2': ['This field cannot be blank.']}  
[c_upload_dDrug      ]  XX Cefuroxime () {'drug_id': ['This field cannot be blank.'], 'drug_othernames': ['This field cannot be blank.'], 'drug_codes': ['This field cannot be blank.'], 'torsionbv': ['This field cannot be blank.'], 'ffp2': ['This field cannot be blank.'], 'mfp2': ['This field cannot be blank.']}  
[c_upload_dDrug      ]  XX Cefuroxime axetil () {'drug_id': ['This field cannot be blank.'], 'drug_othernames': ['This field cannot be blank.'], 'drug_codes': ['This field cannot be blank.'], 'torsionbv': ['This field cannot be blank.'], 'ffp2': ['This field cannot be blank.'], 'mfp2': ['This field cannot be blank.']}  
[c_upload_dDrug      ]  XX Cefuzonam () {'drug_id': ['This field cannot be blank.'], 'drug_othernames': ['This field cannot be blank.'], 'drug_codes': ['This field cannot be blank.'], 'torsionbv': ['This field cannot be blank.'], 'ffp2': ['This field cannot be blank.'], 'mfp2': ['This field cannot be blank.']}  
[c_upload_dDrug      ]  XX Chloramphenicol () {'drug_id': ['This field cannot be blank.'], 'drug_othernames': ['This field cannot be blank.'], 'drug_codes': ['This field cannot be blank.'], 'torsionbv': ['This field cannot be blank.'], 'ffp2': ['This field cannot be blank.'], 'mfp2': ['This field cannot be blank.']}  
[c_upload_dDrug      ]  XX Cinoxacin () {'drug_id': ['This field cannot be blank.'], 'drug_othernames': ['This field cannot be blank.'], 'drug_codes': ['This field cannot be blank.'], 'torsionbv': ['This field cannot be blank.'], 'ffp2': ['This field cannot be blank.'], 'mfp2': ['This field cannot be blank.']}  
[c_upload_dDrug      ]  XX Ciprofloxacin () {'drug_id': ['This field cannot be blank.'], 'drug_othernames': ['This field cannot be blank.'], 'drug_codes': ['This field cannot be blank.'], 'torsionbv': ['This field cannot be blank.'], 'ffp2': ['This field cannot be blank.'], 'mfp2': ['This field cannot be blank.']}  
[c_upload_dDrug      ]  XX Clarithromycin () {'drug_id': ['This field cannot be blank.'], 'drug_othernames': ['This field cannot be blank.'], 'drug_codes': ['This field cannot be blank.'], 'torsionbv': ['This field cannot be blank.'], 'ffp2': ['This field cannot be blank.'], 'mfp2': ['This field cannot be blank.']}  
[c_upload_dDrug      ]  XX Clavulanic acid () {'drug_id': ['This field cannot be blank.'], 'drug_othernames': ['This field cannot be blank.'], 'drug_codes': ['This field cannot be blank.'], 'torsionbv': ['This field cannot be blank.'], 'ffp2': ['This field cannot be blank.'], 'mfp2': ['This field cannot be blank.']}  
[c_upload_dDrug      ]  XX Clinafloxacin () {'drug_id': ['This field cannot be blank.'], 'drug_othernames': ['This field cannot be blank.'], 'drug_codes': ['This field cannot be blank.'], 'torsionbv': ['This field cannot be blank.'], 'ffp2': ['This field cannot be blank.'], 'mfp2': ['This field cannot be blank.']}  
[c_upload_dDrug      ]  XX Clindamycin () {'drug_id': ['This field cannot be blank.'], 'drug_othernames': ['This field cannot be blank.'], 'drug_codes': ['This field cannot be blank.'], 'torsionbv': ['This field cannot be blank.'], 'ffp2': ['This field cannot be blank.'], 'mfp2': ['This field cannot be blank.']}  
[c_upload_dDrug      ]  XX Clofazimine () {'drug_id': ['This field cannot be blank.'], 'drug_othernames': ['This field cannot be blank.'], 'drug_codes': ['This field cannot be blank.'], 'torsionbv': ['This field cannot be blank.'], 'ffp2': ['This field cannot be blank.'], 'mfp2': ['This field cannot be blank.']}  
[c_upload_dDrug      ]  XX Clotrimazole () {'drug_id': ['This field cannot be blank.'], 'drug_othernames': ['This field cannot be blank.'], 'drug_codes': ['This field cannot be blank.'], 'torsionbv': ['This field cannot be blank.'], 'ffp2': ['This field cannot be blank.'], 'mfp2': ['This field cannot be blank.']}  
[c_upload_dDrug      ]  XX Cloxacillin () {'drug_id': ['This field cannot be blank.'], 'drug_othernames': ['This field cannot be blank.'], 'drug_codes': ['This field cannot be blank.'], 'torsionbv': ['This field cannot be blank.'], 'ffp2': ['This field cannot be blank.'], 'mfp2': ['This field cannot be blank.']}  
[c_upload_dDrug      ]  XX Colistin () {'drug_id': ['This field cannot be blank.'], 'drug_othernames': ['This field cannot be blank.'], 'drug_codes': ['This field cannot be blank.'], 'torsionbv': ['This field cannot be blank.'], 'ffp2': ['This field cannot be blank.'], 'mfp2': ['This field cannot be blank.']}  
[c_upload_dDrug      ]  XX Dalbavancin () {'drug_id': ['This field cannot be blank.'], 'drug_othernames': ['This field cannot be blank.'], 'drug_codes': ['This field cannot be blank.'], 'torsionbv': ['This field cannot be blank.'], 'ffp2': ['This field cannot be blank.'], 'mfp2': ['This field cannot be blank.']}  
[c_upload_dDrug      ]  XX Dalfopristin () {'drug_id': ['This field cannot be blank.'], 'drug_othernames': ['This field cannot be blank.'], 'drug_codes': ['This field cannot be blank.'], 'torsionbv': ['This field cannot be blank.'], 'ffp2': ['This field cannot be blank.'], 'mfp2': ['This field cannot be blank.']}  
[c_upload_dDrug      ]  XX Daptomycin () {'drug_id': ['This field cannot be blank.'], 'drug_othernames': ['This field cannot be blank.'], 'drug_codes': ['This field cannot be blank.'], 'torsionbv': ['This field cannot be blank.'], 'ffp2': ['This field cannot be blank.'], 'mfp2': ['This field cannot be blank.']}  
[c_upload_dDrug      ]  XX D-Cycloserine () {'drug_id': ['This field cannot be blank.'], 'drug_othernames': ['This field cannot be blank.'], 'drug_codes': ['This field cannot be blank.'], 'torsionbv': ['This field cannot be blank.'], 'ffp2': ['This field cannot be blank.'], 'mfp2': ['This field cannot be blank.']}  
[c_upload_dDrug      ]  XX Delamanid () {'drug_id': ['This field cannot be blank.'], 'drug_othernames': ['This field cannot be blank.'], 'drug_codes': ['This field cannot be blank.'], 'torsionbv': ['This field cannot be blank.'], 'ffp2': ['This field cannot be blank.'], 'mfp2': ['This field cannot be blank.']}  
[c_upload_dDrug      ]  XX Dicloxacillin () {'drug_id': ['This field cannot be blank.'], 'drug_othernames': ['This field cannot be blank.'], 'drug_codes': ['This field cannot be blank.'], 'torsionbv': ['This field cannot be blank.'], 'ffp2': ['This field cannot be blank.'], 'mfp2': ['This field cannot be blank.']}  
[c_upload_dDrug      ]  XX Difloxacin () {'drug_id': ['This field cannot be blank.'], 'drug_othernames': ['This field cannot be blank.'], 'drug_codes': ['This field cannot be blank.'], 'torsionbv': ['This field cannot be blank.'], 'ffp2': ['This field cannot be blank.'], 'mfp2': ['This field cannot be blank.']}  
[c_upload_dDrug      ]  XX Dirithromycin () {'drug_id': ['This field cannot be blank.'], 'drug_othernames': ['This field cannot be blank.'], 'drug_codes': ['This field cannot be blank.'], 'torsionbv': ['This field cannot be blank.'], 'ffp2': ['This field cannot be blank.'], 'mfp2': ['This field cannot be blank.']}  
[c_upload_dDrug      ]  XX Doripenem () {'drug_id': ['This field cannot be blank.'], 'drug_othernames': ['This field cannot be blank.'], 'drug_codes': ['This field cannot be blank.'], 'torsionbv': ['This field cannot be blank.'], 'ffp2': ['This field cannot be blank.'], 'mfp2': ['This field cannot be blank.']}  
[c_upload_dDrug      ]  XX Doxycycline () {'drug_id': ['This field cannot be blank.'], 'drug_othernames': ['This field cannot be blank.'], 'drug_codes': ['This field cannot be blank.'], 'torsionbv': ['This field cannot be blank.'], 'ffp2': ['This field cannot be blank.'], 'mfp2': ['This field cannot be blank.']}  
[c_upload_dDrug      ]  XX Enoxacin () {'drug_id': ['This field cannot be blank.'], 'drug_othernames': ['This field cannot be blank.'], 'drug_codes': ['This field cannot be blank.'], 'torsionbv': ['This field cannot be blank.'], 'ffp2': ['This field cannot be blank.'], 'mfp2': ['This field cannot be blank.']}  
[c_upload_dDrug      ]  XX Enrofloxacin () {'drug_id': ['This field cannot be blank.'], 'drug_othernames': ['This field cannot be blank.'], 'drug_codes': ['This field cannot be blank.'], 'torsionbv': ['This field cannot be blank.'], 'ffp2': ['This field cannot be blank.'], 'mfp2': ['This field cannot be blank.']}  
[c_upload_dDrug      ]  XX Eravacycline () {'drug_id': ['This field cannot be blank.'], 'drug_othernames': ['This field cannot be blank.'], 'drug_codes': ['This field cannot be blank.'], 'torsionbv': ['This field cannot be blank.'], 'ffp2': ['This field cannot be blank.'], 'mfp2': ['This field cannot be blank.']}  
[c_upload_dDrug      ]  XX Ertapenem () {'drug_id': ['This field cannot be blank.'], 'drug_othernames': ['This field cannot be blank.'], 'drug_codes': ['This field cannot be blank.'], 'torsionbv': ['This field cannot be blank.'], 'ffp2': ['This field cannot be blank.'], 'mfp2': ['This field cannot be blank.']}  
[c_upload_dDrug      ]  XX Erythromycin () {'drug_id': ['This field cannot be blank.'], 'drug_othernames': ['This field cannot be blank.'], 'drug_codes': ['This field cannot be blank.'], 'torsionbv': ['This field cannot be blank.'], 'ffp2': ['This field cannot be blank.'], 'mfp2': ['This field cannot be blank.']}  
[c_upload_dDrug      ]  XX Erythromycin estolate () {'drug_id': ['This field cannot be blank.'], 'drug_othernames': ['This field cannot be blank.'], 'drug_codes': ['This field cannot be blank.'], 'torsionbv': ['This field cannot be blank.'], 'ffp2': ['This field cannot be blank.'], 'mfp2': ['This field cannot be blank.']}  
[c_upload_dDrug      ]  XX Erythromycin propionate () {'drug_id': ['This field cannot be blank.'], 'drug_othernames': ['This field cannot be blank.'], 'drug_codes': ['This field cannot be blank.'], 'torsionbv': ['This field cannot be blank.'], 'ffp2': ['This field cannot be blank.'], 'mfp2': ['This field cannot be blank.']}  
[c_upload_dDrug      ]  XX Ethambutol () {'drug_id': ['This field cannot be blank.'], 'drug_othernames': ['This field cannot be blank.'], 'drug_codes': ['This field cannot be blank.'], 'torsionbv': ['This field cannot be blank.'], 'ffp2': ['This field cannot be blank.'], 'mfp2': ['This field cannot be blank.']}  
[c_upload_dDrug      ]  XX Ethambutol|Isoniazid () {'drug_id': ['This field cannot be blank.'], 'drug_othernames': ['This field cannot be blank.'], 'drug_codes': ['This field cannot be blank.'], 'torsionbv': ['This field cannot be blank.'], 'ffp2': ['This field cannot be blank.'], 'mfp2': ['This field cannot be blank.']}  
[c_upload_dDrug      ]  XX Ethambutol|Isoniazid|Pyrazinamide|Rifampicin () {'drug_id': ['This field cannot be blank.'], 'drug_othernames': ['This field cannot be blank.'], 'drug_codes': ['This field cannot be blank.'], 'torsionbv': ['This field cannot be blank.'], 'ffp2': ['This field cannot be blank.'], 'mfp2': ['This field cannot be blank.']}  
[c_upload_dDrug      ]  XX Ethambutol|Isoniazid|Rifampicin () {'drug_id': ['This field cannot be blank.'], 'drug_othernames': ['This field cannot be blank.'], 'drug_codes': ['This field cannot be blank.'], 'torsionbv': ['This field cannot be blank.'], 'ffp2': ['This field cannot be blank.'], 'mfp2': ['This field cannot be blank.']}  
[c_upload_dDrug      ]  XX Ethionamide () {'drug_id': ['This field cannot be blank.'], 'drug_othernames': ['This field cannot be blank.'], 'drug_codes': ['This field cannot be blank.'], 'torsionbv': ['This field cannot be blank.'], 'ffp2': ['This field cannot be blank.'], 'mfp2': ['This field cannot be blank.']}  
[c_upload_dDrug      ]  XX Faropenem () {'drug_id': ['This field cannot be blank.'], 'drug_othernames': ['This field cannot be blank.'], 'drug_codes': ['This field cannot be blank.'], 'torsionbv': ['This field cannot be blank.'], 'ffp2': ['This field cannot be blank.'], 'mfp2': ['This field cannot be blank.']}  
[c_upload_dDrug      ]  XX Fidaxomicin () {'drug_id': ['This field cannot be blank.'], 'drug_othernames': ['This field cannot be blank.'], 'drug_codes': ['This field cannot be blank.'], 'torsionbv': ['This field cannot be blank.'], 'ffp2': ['This field cannot be blank.'], 'mfp2': ['This field cannot be blank.']}  
[c_upload_dDrug      ]  XX Fleroxacin () {'drug_id': ['This field cannot be blank.'], 'drug_othernames': ['This field cannot be blank.'], 'drug_codes': ['This field cannot be blank.'], 'torsionbv': ['This field cannot be blank.'], 'ffp2': ['This field cannot be blank.'], 'mfp2': ['This field cannot be blank.']}  
[c_upload_dDrug      ]  XX Florfenicol () {'drug_id': ['This field cannot be blank.'], 'drug_othernames': ['This field cannot be blank.'], 'drug_codes': ['This field cannot be blank.'], 'torsionbv': ['This field cannot be blank.'], 'ffp2': ['This field cannot be blank.'], 'mfp2': ['This field cannot be blank.']}  
[c_upload_dDrug      ]  XX Flucloxacillin () {'drug_id': ['This field cannot be blank.'], 'drug_othernames': ['This field cannot be blank.'], 'drug_codes': ['This field cannot be blank.'], 'torsionbv': ['This field cannot be blank.'], 'ffp2': ['This field cannot be blank.'], 'mfp2': ['This field cannot be blank.']}  
[c_upload_dDrug      ]  XX Fluconazole () {'drug_id': ['This field cannot be blank.'], 'drug_othernames': ['This field cannot be blank.'], 'drug_codes': ['This field cannot be blank.'], 'torsionbv': ['This field cannot be blank.'], 'ffp2': ['This field cannot be blank.'], 'mfp2': ['This field cannot be blank.']}  
[c_upload_dDrug      ]  XX Flucytosine () {'drug_id': ['This field cannot be blank.'], 'drug_codes': ['This field cannot be blank.'], 'torsionbv': ['This field cannot be blank.'], 'ffp2': ['This field cannot be blank.'], 'mfp2': ['This field cannot be blank.']}  
[c_upload_dDrug      ]  XX Fosfomycin () {'drug_id': ['This field cannot be blank.'], 'drug_othernames': ['This field cannot be blank.'], 'drug_codes': ['This field cannot be blank.'], 'torsionbv': ['This field cannot be blank.'], 'ffp2': ['This field cannot be blank.'], 'mfp2': ['This field cannot be blank.']}  
[c_upload_dDrug      ]  XX Fusidic acid () {'drug_id': ['This field cannot be blank.'], 'drug_othernames': ['This field cannot be blank.'], 'drug_codes': ['This field cannot be blank.'], 'torsionbv': ['This field cannot be blank.'], 'ffp2': ['This field cannot be blank.'], 'mfp2': ['This field cannot be blank.']}  
[c_upload_dDrug      ]  XX Gamithromycin () {'drug_id': ['This field cannot be blank.'], 'drug_othernames': ['This field cannot be blank.'], 'drug_codes': ['This field cannot be blank.'], 'torsionbv': ['This field cannot be blank.'], 'ffp2': ['This field cannot be blank.'], 'mfp2': ['This field cannot be blank.']}  
[c_upload_dDrug      ]  XX Gatifloxacin () {'drug_id': ['This field cannot be blank.'], 'drug_othernames': ['This field cannot be blank.'], 'drug_codes': ['This field cannot be blank.'], 'torsionbv': ['This field cannot be blank.'], 'ffp2': ['This field cannot be blank.'], 'mfp2': ['This field cannot be blank.']}  
[c_upload_dDrug      ]  XX Gemifloxacin () {'drug_id': ['This field cannot be blank.'], 'drug_othernames': ['This field cannot be blank.'], 'drug_codes': ['This field cannot be blank.'], 'torsionbv': ['This field cannot be blank.'], 'ffp2': ['This field cannot be blank.'], 'mfp2': ['This field cannot be blank.']}  
[c_upload_dDrug      ]  XX Gentamicin () {'drug_id': ['This field cannot be blank.'], 'drug_othernames': ['This field cannot be blank.'], 'drug_codes': ['This field cannot be blank.'], 'torsionbv': ['This field cannot be blank.'], 'ffp2': ['This field cannot be blank.'], 'mfp2': ['This field cannot be blank.']}  
[c_upload_dDrug      ]  XX Gepotidacin () {'drug_id': ['This field cannot be blank.'], 'drug_othernames': ['This field cannot be blank.'], 'drug_codes': ['This field cannot be blank.'], 'torsionbv': ['This field cannot be blank.'], 'ffp2': ['This field cannot be blank.'], 'mfp2': ['This field cannot be blank.']}  
[c_upload_dDrug      ]  XX Grepafloxacin () {'drug_id': ['This field cannot be blank.'], 'drug_othernames': ['This field cannot be blank.'], 'drug_codes': ['This field cannot be blank.'], 'torsionbv': ['This field cannot be blank.'], 'ffp2': ['This field cannot be blank.'], 'mfp2': ['This field cannot be blank.']}  
[c_upload_dDrug      ]  XX Imipenem () {'drug_id': ['This field cannot be blank.'], 'drug_othernames': ['This field cannot be blank.'], 'drug_codes': ['This field cannot be blank.'], 'torsionbv': ['This field cannot be blank.'], 'ffp2': ['This field cannot be blank.'], 'mfp2': ['This field cannot be blank.']}  
[c_upload_dDrug      ]  XX Imipenem|EDTA () {'drug_id': ['This field cannot be blank.'], 'drug_othernames': ['This field cannot be blank.'], 'drug_codes': ['This field cannot be blank.'], 'torsionbv': ['This field cannot be blank.'], 'ffp2': ['This field cannot be blank.'], 'mfp2': ['This field cannot be blank.']}  
[c_upload_dDrug      ]  XX Imipenem|Relebactam () {'drug_id': ['This field cannot be blank.'], 'drug_othernames': ['This field cannot be blank.'], 'drug_codes': ['This field cannot be blank.'], 'torsionbv': ['This field cannot be blank.'], 'ffp2': ['This field cannot be blank.'], 'mfp2': ['This field cannot be blank.']}  
[c_upload_dDrug      ]  XX Isavuconazole () {'drug_id': ['This field cannot be blank.'], 'drug_othernames': ['This field cannot be blank.'], 'drug_codes': ['This field cannot be blank.'], 'torsionbv': ['This field cannot be blank.'], 'ffp2': ['This field cannot be blank.'], 'mfp2': ['This field cannot be blank.']}  
[c_upload_dDrug      ]  XX Isoniazid () {'drug_id': ['This field cannot be blank.'], 'drug_othernames': ['This field cannot be blank.'], 'drug_codes': ['This field cannot be blank.'], 'torsionbv': ['This field cannot be blank.'], 'ffp2': ['This field cannot be blank.'], 'mfp2': ['This field cannot be blank.']}  
[c_upload_dDrug      ]  XX Isoniazid|Pyridoxine|Sulfamethoxazole|Trimethoprim () {'drug_id': ['This field cannot be blank.'], 'drug_othernames': ['This field cannot be blank.'], 'drug_codes': ['This field cannot be blank.'], 'torsionbv': ['This field cannot be blank.'], 'ffp2': ['This field cannot be blank.'], 'mfp2': ['This field cannot be blank.']}  
[c_upload_dDrug      ]  XX Itraconazole () {'drug_id': ['This field cannot be blank.'], 'drug_othernames': ['This field cannot be blank.'], 'drug_codes': ['This field cannot be blank.'], 'torsionbv': ['This field cannot be blank.'], 'ffp2': ['This field cannot be blank.'], 'mfp2': ['This field cannot be blank.']}  
[c_upload_dDrug      ]  XX Kanamycin () {'drug_id': ['This field cannot be blank.'], 'drug_othernames': ['This field cannot be blank.'], 'drug_codes': ['This field cannot be blank.'], 'torsionbv': ['This field cannot be blank.'], 'ffp2': ['This field cannot be blank.'], 'mfp2': ['This field cannot be blank.']}  
[c_upload_dDrug      ]  XX Ketoconazole () {'drug_id': ['This field cannot be blank.'], 'drug_othernames': ['This field cannot be blank.'], 'drug_codes': ['This field cannot be blank.'], 'torsionbv': ['This field cannot be blank.'], 'ffp2': ['This field cannot be blank.'], 'mfp2': ['This field cannot be blank.']}  
[c_upload_dDrug      ]  XX Latamoxef () {'drug_id': ['This field cannot be blank.'], 'drug_codes': ['This field cannot be blank.'], 'torsionbv': ['This field cannot be blank.'], 'ffp2': ['This field cannot be blank.'], 'mfp2': ['This field cannot be blank.']}  
[c_upload_dDrug      ]  XX Levofloxacin () {'drug_id': ['This field cannot be blank.'], 'drug_othernames': ['This field cannot be blank.'], 'drug_codes': ['This field cannot be blank.'], 'torsionbv': ['This field cannot be blank.'], 'ffp2': ['This field cannot be blank.'], 'mfp2': ['This field cannot be blank.']}  
[c_upload_dDrug      ]  XX Linezolid () {'drug_id': ['This field cannot be blank.'], 'drug_othernames': ['This field cannot be blank.'], 'drug_codes': ['This field cannot be blank.'], 'torsionbv': ['This field cannot be blank.'], 'ffp2': ['This field cannot be blank.'], 'mfp2': ['This field cannot be blank.']}  
[c_upload_dDrug      ]  XX Lomefloxacin () {'drug_id': ['This field cannot be blank.'], 'drug_othernames': ['This field cannot be blank.'], 'drug_codes': ['This field cannot be blank.'], 'torsionbv': ['This field cannot be blank.'], 'ffp2': ['This field cannot be blank.'], 'mfp2': ['This field cannot be blank.']}  
[c_upload_dDrug      ]  XX Loracarbef () {'drug_id': ['This field cannot be blank.'], 'drug_othernames': ['This field cannot be blank.'], 'drug_codes': ['This field cannot be blank.'], 'torsionbv': ['This field cannot be blank.'], 'ffp2': ['This field cannot be blank.'], 'mfp2': ['This field cannot be blank.']}  
[c_upload_dDrug      ]  XX Malacidin A () {'drug_id': ['This field cannot be blank.'], 'drug_othernames': ['This field cannot be blank.'], 'drug_codes': ['This field cannot be blank.'], 'torsionbv': ['This field cannot be blank.'], 'ffp2': ['This field cannot be blank.'], 'mfp2': ['This field cannot be blank.']}  
[c_upload_dDrug      ]  XX Marbofloxacin () {'drug_id': ['This field cannot be blank.'], 'drug_othernames': ['This field cannot be blank.'], 'drug_codes': ['This field cannot be blank.'], 'torsionbv': ['This field cannot be blank.'], 'ffp2': ['This field cannot be blank.'], 'mfp2': ['This field cannot be blank.']}  
[c_upload_dDrug      ]  XX Mecillinam () {'drug_id': ['This field cannot be blank.'], 'drug_othernames': ['This field cannot be blank.'], 'drug_codes': ['This field cannot be blank.'], 'torsionbv': ['This field cannot be blank.'], 'ffp2': ['This field cannot be blank.'], 'mfp2': ['This field cannot be blank.']}  
[c_upload_dDrug      ]  XX Meropenem () {'drug_id': ['This field cannot be blank.'], 'drug_othernames': ['This field cannot be blank.'], 'drug_codes': ['This field cannot be blank.'], 'torsionbv': ['This field cannot be blank.'], 'ffp2': ['This field cannot be blank.'], 'mfp2': ['This field cannot be blank.']}  
[c_upload_dDrug      ]  XX Meropenem|Vaborbactam () {'drug_id': ['This field cannot be blank.'], 'drug_othernames': ['This field cannot be blank.'], 'drug_codes': ['This field cannot be blank.'], 'torsionbv': ['This field cannot be blank.'], 'ffp2': ['This field cannot be blank.'], 'mfp2': ['This field cannot be blank.']}  
[c_upload_dDrug      ]  XX Methicillin () {'drug_id': ['This field cannot be blank.'], 'drug_othernames': ['This field cannot be blank.'], 'drug_codes': ['This field cannot be blank.'], 'torsionbv': ['This field cannot be blank.'], 'ffp2': ['This field cannot be blank.'], 'mfp2': ['This field cannot be blank.']}  
[c_upload_dDrug      ]  XX Metronidazole () {'drug_id': ['This field cannot be blank.'], 'drug_othernames': ['This field cannot be blank.'], 'drug_codes': ['This field cannot be blank.'], 'torsionbv': ['This field cannot be blank.'], 'ffp2': ['This field cannot be blank.'], 'mfp2': ['This field cannot be blank.']}  
[c_upload_dDrug      ]  XX Mezlocillin () {'drug_id': ['This field cannot be blank.'], 'drug_othernames': ['This field cannot be blank.'], 'drug_codes': ['This field cannot be blank.'], 'torsionbv': ['This field cannot be blank.'], 'ffp2': ['This field cannot be blank.'], 'mfp2': ['This field cannot be blank.']}  
[c_upload_dDrug      ]  XX Micafungin () {'drug_id': ['This field cannot be blank.'], 'drug_othernames': ['This field cannot be blank.'], 'drug_codes': ['This field cannot be blank.'], 'torsionbv': ['This field cannot be blank.'], 'ffp2': ['This field cannot be blank.'], 'mfp2': ['This field cannot be blank.']}  
[c_upload_dDrug      ]  XX Minocycline () {'drug_id': ['This field cannot be blank.'], 'drug_othernames': ['This field cannot be blank.'], 'drug_codes': ['This field cannot be blank.'], 'torsionbv': ['This field cannot be blank.'], 'ffp2': ['This field cannot be blank.'], 'mfp2': ['This field cannot be blank.']}  
[c_upload_dDrug      ]  XX Moxifloxacin () {'drug_id': ['This field cannot be blank.'], 'drug_othernames': ['This field cannot be blank.'], 'drug_codes': ['This field cannot be blank.'], 'torsionbv': ['This field cannot be blank.'], 'ffp2': ['This field cannot be blank.'], 'mfp2': ['This field cannot be blank.']}  
[c_upload_dDrug      ]  XX Mupirocin () {'drug_id': ['This field cannot be blank.'], 'drug_othernames': ['This field cannot be blank.'], 'drug_codes': ['This field cannot be blank.'], 'torsionbv': ['This field cannot be blank.'], 'ffp2': ['This field cannot be blank.'], 'mfp2': ['This field cannot be blank.']}  
[c_upload_dDrug      ]  XX Murepavadin () {'drug_id': ['This field cannot be blank.'], 'drug_othernames': ['This field cannot be blank.'], 'drug_codes': ['This field cannot be blank.'], 'torsionbv': ['This field cannot be blank.'], 'ffp2': ['This field cannot be blank.'], 'mfp2': ['This field cannot be blank.']}  
[c_upload_dDrug      ]  XX Nafcillin () {'drug_id': ['This field cannot be blank.'], 'drug_othernames': ['This field cannot be blank.'], 'drug_codes': ['This field cannot be blank.'], 'torsionbv': ['This field cannot be blank.'], 'ffp2': ['This field cannot be blank.'], 'mfp2': ['This field cannot be blank.']}  
[c_upload_dDrug      ]  XX Nalidixic acid () {'drug_id': ['This field cannot be blank.'], 'drug_othernames': ['This field cannot be blank.'], 'drug_codes': ['This field cannot be blank.'], 'torsionbv': ['This field cannot be blank.'], 'ffp2': ['This field cannot be blank.'], 'mfp2': ['This field cannot be blank.']}  
[c_upload_dDrug      ]  XX Netilmicin () {'drug_id': ['This field cannot be blank.'], 'drug_othernames': ['This field cannot be blank.'], 'drug_codes': ['This field cannot be blank.'], 'torsionbv': ['This field cannot be blank.'], 'ffp2': ['This field cannot be blank.'], 'mfp2': ['This field cannot be blank.']}  
[c_upload_dDrug      ]  XX Nitrofurantoin () {'drug_id': ['This field cannot be blank.'], 'drug_codes': ['This field cannot be blank.'], 'torsionbv': ['This field cannot be blank.'], 'ffp2': ['This field cannot be blank.'], 'mfp2': ['This field cannot be blank.']}  
[c_upload_dDrug      ]  XX Nitroxoline () {'drug_id': ['This field cannot be blank.'], 'drug_othernames': ['This field cannot be blank.'], 'drug_codes': ['This field cannot be blank.'], 'torsionbv': ['This field cannot be blank.'], 'ffp2': ['This field cannot be blank.'], 'mfp2': ['This field cannot be blank.']}  
[c_upload_dDrug      ]  XX Norfloxacin () {'drug_id': ['This field cannot be blank.'], 'drug_othernames': ['This field cannot be blank.'], 'drug_codes': ['This field cannot be blank.'], 'torsionbv': ['This field cannot be blank.'], 'ffp2': ['This field cannot be blank.'], 'mfp2': ['This field cannot be blank.']}  
[c_upload_dDrug      ]  XX Novobiocin () {'drug_id': ['This field cannot be blank.'], 'drug_othernames': ['This field cannot be blank.'], 'drug_codes': ['This field cannot be blank.'], 'torsionbv': ['This field cannot be blank.'], 'ffp2': ['This field cannot be blank.'], 'mfp2': ['This field cannot be blank.']}  
[c_upload_dDrug      ]  XX Nystatin () {'drug_id': ['This field cannot be blank.'], 'drug_othernames': ['This field cannot be blank.'], 'drug_codes': ['This field cannot be blank.'], 'torsionbv': ['This field cannot be blank.'], 'ffp2': ['This field cannot be blank.'], 'mfp2': ['This field cannot be blank.']}  
[c_upload_dDrug      ]  XX Octapeptin C4 () {'drug_id': ['This field cannot be blank.'], 'drug_othernames': ['This field cannot be blank.'], 'drug_codes': ['This field cannot be blank.'], 'torsionbv': ['This field cannot be blank.'], 'ffp2': ['This field cannot be blank.'], 'mfp2': ['This field cannot be blank.']}  
[c_upload_dDrug      ]  XX Ofloxacin () {'drug_id': ['This field cannot be blank.'], 'drug_othernames': ['This field cannot be blank.'], 'drug_codes': ['This field cannot be blank.'], 'torsionbv': ['This field cannot be blank.'], 'ffp2': ['This field cannot be blank.'], 'mfp2': ['This field cannot be blank.']}  
[c_upload_dDrug      ]  XX Orbifloxacin () {'drug_id': ['This field cannot be blank.'], 'drug_othernames': ['This field cannot be blank.'], 'drug_codes': ['This field cannot be blank.'], 'torsionbv': ['This field cannot be blank.'], 'ffp2': ['This field cannot be blank.'], 'mfp2': ['This field cannot be blank.']}  
[c_upload_dDrug      ]  XX Oritavancin () {'drug_id': ['This field cannot be blank.'], 'drug_othernames': ['This field cannot be blank.'], 'drug_codes': ['This field cannot be blank.'], 'torsionbv': ['This field cannot be blank.'], 'ffp2': ['This field cannot be blank.'], 'mfp2': ['This field cannot be blank.']}  
[c_upload_dDrug      ]  XX Oxacillin () {'drug_id': ['This field cannot be blank.'], 'drug_othernames': ['This field cannot be blank.'], 'drug_codes': ['This field cannot be blank.'], 'torsionbv': ['This field cannot be blank.'], 'ffp2': ['This field cannot be blank.'], 'mfp2': ['This field cannot be blank.']}  
[c_upload_dDrug      ]  XX Oxytetracycline () {'drug_id': ['This field cannot be blank.'], 'drug_othernames': ['This field cannot be blank.'], 'drug_codes': ['This field cannot be blank.'], 'torsionbv': ['This field cannot be blank.'], 'ffp2': ['This field cannot be blank.'], 'mfp2': ['This field cannot be blank.']}  
[c_upload_dDrug      ]  XX para-Aminosalicylic acid () {'drug_id': ['This field cannot be blank.'], 'drug_othernames': ['This field cannot be blank.'], 'drug_codes': ['This field cannot be blank.'], 'torsionbv': ['This field cannot be blank.'], 'ffp2': ['This field cannot be blank.'], 'mfp2': ['This field cannot be blank.']}  
[c_upload_dDrug      ]  XX Pefloxacin () {'drug_id': ['This field cannot be blank.'], 'drug_othernames': ['This field cannot be blank.'], 'drug_codes': ['This field cannot be blank.'], 'torsionbv': ['This field cannot be blank.'], 'ffp2': ['This field cannot be blank.'], 'mfp2': ['This field cannot be blank.']}  
[c_upload_dDrug      ]  XX Penicillin () {'drug_id': ['This field cannot be blank.'], 'drug_othernames': ['This field cannot be blank.'], 'drug_codes': ['This field cannot be blank.'], 'torsionbv': ['This field cannot be blank.'], 'ffp2': ['This field cannot be blank.'], 'mfp2': ['This field cannot be blank.']}  
[c_upload_dDrug      ]  XX Phenethicillin () {'drug_id': ['This field cannot be blank.'], 'drug_othernames': ['This field cannot be blank.'], 'drug_codes': ['This field cannot be blank.'], 'torsionbv': ['This field cannot be blank.'], 'ffp2': ['This field cannot be blank.'], 'mfp2': ['This field cannot be blank.']}  
[c_upload_dDrug      ]  XX Phenoxymethylpenicillin () {'drug_id': ['This field cannot be blank.'], 'drug_codes': ['This field cannot be blank.'], 'torsionbv': ['This field cannot be blank.'], 'ffp2': ['This field cannot be blank.'], 'mfp2': ['This field cannot be blank.']}  
[c_upload_dDrug      ]  XX Pipemidic acid () {'drug_id': ['This field cannot be blank.'], 'drug_othernames': ['This field cannot be blank.'], 'drug_codes': ['This field cannot be blank.'], 'torsionbv': ['This field cannot be blank.'], 'ffp2': ['This field cannot be blank.'], 'mfp2': ['This field cannot be blank.']}  
[c_upload_dDrug      ]  XX Piperacillin () {'drug_id': ['This field cannot be blank.'], 'drug_othernames': ['This field cannot be blank.'], 'drug_codes': ['This field cannot be blank.'], 'torsionbv': ['This field cannot be blank.'], 'ffp2': ['This field cannot be blank.'], 'mfp2': ['This field cannot be blank.']}  
[c_upload_dDrug      ]  XX Piperacillin|Tazobactam () {'drug_id': ['This field cannot be blank.'], 'drug_othernames': ['This field cannot be blank.'], 'drug_codes': ['This field cannot be blank.'], 'torsionbv': ['This field cannot be blank.'], 'ffp2': ['This field cannot be blank.'], 'mfp2': ['This field cannot be blank.']}  
[c_upload_dDrug      ]  XX Pirlimycin () {'drug_id': ['This field cannot be blank.'], 'drug_othernames': ['This field cannot be blank.'], 'drug_codes': ['This field cannot be blank.'], 'torsionbv': ['This field cannot be blank.'], 'ffp2': ['This field cannot be blank.'], 'mfp2': ['This field cannot be blank.']}  
[c_upload_dDrug      ]  XX Plazomicin () {'drug_id': ['This field cannot be blank.'], 'drug_othernames': ['This field cannot be blank.'], 'drug_codes': ['This field cannot be blank.'], 'torsionbv': ['This field cannot be blank.'], 'ffp2': ['This field cannot be blank.'], 'mfp2': ['This field cannot be blank.']}  
[c_upload_dDrug      ]  XX Polymyxin B () {'drug_id': ['This field cannot be blank.'], 'drug_othernames': ['This field cannot be blank.'], 'drug_codes': ['This field cannot be blank.'], 'torsionbv': ['This field cannot be blank.'], 'ffp2': ['This field cannot be blank.'], 'mfp2': ['This field cannot be blank.']}  
[c_upload_dDrug      ]  XX Polymyxin B1 () {'drug_id': ['This field cannot be blank.'], 'drug_othernames': ['This field cannot be blank.'], 'drug_codes': ['This field cannot be blank.'], 'torsionbv': ['This field cannot be blank.'], 'ffp2': ['This field cannot be blank.'], 'mfp2': ['This field cannot be blank.']}  
[c_upload_dDrug      ]  XX Polymyxin B2 () {'drug_id': ['This field cannot be blank.'], 'drug_othernames': ['This field cannot be blank.'], 'drug_codes': ['This field cannot be blank.'], 'torsionbv': ['This field cannot be blank.'], 'ffp2': ['This field cannot be blank.'], 'mfp2': ['This field cannot be blank.']}  
[c_upload_dDrug      ]  XX Posaconazole () {'drug_id': ['This field cannot be blank.'], 'drug_othernames': ['This field cannot be blank.'], 'drug_codes': ['This field cannot be blank.'], 'torsionbv': ['This field cannot be blank.'], 'ffp2': ['This field cannot be blank.'], 'mfp2': ['This field cannot be blank.']}  
[c_upload_dDrug      ]  XX Pradofloxacin () {'drug_id': ['This field cannot be blank.'], 'drug_othernames': ['This field cannot be blank.'], 'drug_codes': ['This field cannot be blank.'], 'torsionbv': ['This field cannot be blank.'], 'ffp2': ['This field cannot be blank.'], 'mfp2': ['This field cannot be blank.']}  
[c_upload_dDrug      ]  XX Prothionamide () {'drug_id': ['This field cannot be blank.'], 'drug_othernames': ['This field cannot be blank.'], 'drug_codes': ['This field cannot be blank.'], 'torsionbv': ['This field cannot be blank.'], 'ffp2': ['This field cannot be blank.'], 'mfp2': ['This field cannot be blank.']}  
[c_upload_dDrug      ]  XX Pyrazinamide () {'drug_id': ['This field cannot be blank.'], 'drug_othernames': ['This field cannot be blank.'], 'drug_codes': ['This field cannot be blank.'], 'torsionbv': ['This field cannot be blank.'], 'ffp2': ['This field cannot be blank.'], 'mfp2': ['This field cannot be blank.']}  
[c_upload_dDrug      ]  XX Quinupristin () {'drug_id': ['This field cannot be blank.'], 'drug_othernames': ['This field cannot be blank.'], 'drug_codes': ['This field cannot be blank.'], 'torsionbv': ['This field cannot be blank.'], 'ffp2': ['This field cannot be blank.'], 'mfp2': ['This field cannot be blank.']}  
[c_upload_dDrug      ]  XX Quinupristin|Dalfopristin () {'drug_id': ['This field cannot be blank.'], 'drug_othernames': ['This field cannot be blank.'], 'drug_codes': ['This field cannot be blank.'], 'torsionbv': ['This field cannot be blank.'], 'ffp2': ['This field cannot be blank.'], 'mfp2': ['This field cannot be blank.']}  
[c_upload_dDrug      ]  XX Relebactam () {'drug_id': ['This field cannot be blank.'], 'drug_othernames': ['This field cannot be blank.'], 'drug_codes': ['This field cannot be blank.'], 'torsionbv': ['This field cannot be blank.'], 'ffp2': ['This field cannot be blank.'], 'mfp2': ['This field cannot be blank.']}  
[c_upload_dDrug      ]  XX Retapamulin () {'drug_id': ['This field cannot be blank.'], 'drug_othernames': ['This field cannot be blank.'], 'drug_codes': ['This field cannot be blank.'], 'torsionbv': ['This field cannot be blank.'], 'ffp2': ['This field cannot be blank.'], 'mfp2': ['This field cannot be blank.']}  
[c_upload_dDrug      ]  XX Rifabutin () {'drug_id': ['This field cannot be blank.'], 'drug_othernames': ['This field cannot be blank.'], 'drug_codes': ['This field cannot be blank.'], 'torsionbv': ['This field cannot be blank.'], 'ffp2': ['This field cannot be blank.'], 'mfp2': ['This field cannot be blank.']}  
[c_upload_dDrug      ]  XX Rifampicin () {'drug_id': ['This field cannot be blank.'], 'drug_codes': ['This field cannot be blank.'], 'torsionbv': ['This field cannot be blank.'], 'ffp2': ['This field cannot be blank.'], 'mfp2': ['This field cannot be blank.']}  
[c_upload_dDrug      ]  XX Rifampicin|Isoniazid|Pyrazinamide () {'drug_id': ['This field cannot be blank.'], 'drug_othernames': ['This field cannot be blank.'], 'drug_codes': ['This field cannot be blank.'], 'torsionbv': ['This field cannot be blank.'], 'ffp2': ['This field cannot be blank.'], 'mfp2': ['This field cannot be blank.']}  
[c_upload_dDrug      ]  XX Rifapentine () {'drug_id': ['This field cannot be blank.'], 'drug_othernames': ['This field cannot be blank.'], 'drug_codes': ['This field cannot be blank.'], 'torsionbv': ['This field cannot be blank.'], 'ffp2': ['This field cannot be blank.'], 'mfp2': ['This field cannot be blank.']}  
[c_upload_dDrug      ]  XX Roxithromycin () {'drug_id': ['This field cannot be blank.'], 'drug_othernames': ['This field cannot be blank.'], 'drug_codes': ['This field cannot be blank.'], 'torsionbv': ['This field cannot be blank.'], 'ffp2': ['This field cannot be blank.'], 'mfp2': ['This field cannot be blank.']}  
[c_upload_dDrug      ]  XX Solithromycin () {'drug_id': ['This field cannot be blank.'], 'drug_othernames': ['This field cannot be blank.'], 'drug_codes': ['This field cannot be blank.'], 'torsionbv': ['This field cannot be blank.'], 'ffp2': ['This field cannot be blank.'], 'mfp2': ['This field cannot be blank.']}  
[c_upload_dDrug      ]  XX Sparfloxacin () {'drug_id': ['This field cannot be blank.'], 'drug_othernames': ['This field cannot be blank.'], 'drug_codes': ['This field cannot be blank.'], 'torsionbv': ['This field cannot be blank.'], 'ffp2': ['This field cannot be blank.'], 'mfp2': ['This field cannot be blank.']}  
[c_upload_dDrug      ]  XX Spectinomycin () {'drug_id': ['This field cannot be blank.'], 'drug_othernames': ['This field cannot be blank.'], 'drug_codes': ['This field cannot be blank.'], 'torsionbv': ['This field cannot be blank.'], 'ffp2': ['This field cannot be blank.'], 'mfp2': ['This field cannot be blank.']}  
[c_upload_dDrug      ]  XX Streptomycin () {'drug_id': ['This field cannot be blank.'], 'drug_othernames': ['This field cannot be blank.'], 'drug_codes': ['This field cannot be blank.'], 'torsionbv': ['This field cannot be blank.'], 'ffp2': ['This field cannot be blank.'], 'mfp2': ['This field cannot be blank.']}  
[c_upload_dDrug      ]  XX Sulbactam () {'drug_id': ['This field cannot be blank.'], 'drug_othernames': ['This field cannot be blank.'], 'drug_codes': ['This field cannot be blank.'], 'torsionbv': ['This field cannot be blank.'], 'ffp2': ['This field cannot be blank.'], 'mfp2': ['This field cannot be blank.']}  
[c_upload_dDrug      ]  XX Sulfamethoxazole () {'drug_id': ['This field cannot be blank.'], 'drug_othernames': ['This field cannot be blank.'], 'drug_codes': ['This field cannot be blank.'], 'torsionbv': ['This field cannot be blank.'], 'ffp2': ['This field cannot be blank.'], 'mfp2': ['This field cannot be blank.']}  
[c_upload_dDrug      ]  XX Sulfathiazole () {'drug_id': ['This field cannot be blank.'], 'drug_othernames': ['This field cannot be blank.'], 'drug_codes': ['This field cannot be blank.'], 'torsionbv': ['This field cannot be blank.'], 'ffp2': ['This field cannot be blank.'], 'mfp2': ['This field cannot be blank.']}  
[c_upload_dDrug      ]  XX Sulfisoxazole () {'drug_id': ['This field cannot be blank.'], 'drug_othernames': ['This field cannot be blank.'], 'drug_codes': ['This field cannot be blank.'], 'torsionbv': ['This field cannot be blank.'], 'ffp2': ['This field cannot be blank.'], 'mfp2': ['This field cannot be blank.']}  
[c_upload_dDrug      ]  XX Sulfonamides () {'drug_id': ['This field cannot be blank.'], 'drug_othernames': ['This field cannot be blank.'], 'drug_codes': ['This field cannot be blank.'], 'torsionbv': ['This field cannot be blank.'], 'ffp2': ['This field cannot be blank.'], 'mfp2': ['This field cannot be blank.']}  
[c_upload_dDrug      ]  XX Tazobactam () {'drug_id': ['This field cannot be blank.'], 'drug_othernames': ['This field cannot be blank.'], 'drug_codes': ['This field cannot be blank.'], 'torsionbv': ['This field cannot be blank.'], 'ffp2': ['This field cannot be blank.'], 'mfp2': ['This field cannot be blank.']}  
[c_upload_dDrug      ]  XX Tedizolid () {'drug_id': ['This field cannot be blank.'], 'drug_othernames': ['This field cannot be blank.'], 'drug_codes': ['This field cannot be blank.'], 'torsionbv': ['This field cannot be blank.'], 'ffp2': ['This field cannot be blank.'], 'mfp2': ['This field cannot be blank.']}  
[c_upload_dDrug      ]  XX Teicoplanin () {'drug_id': ['This field cannot be blank.'], 'drug_othernames': ['This field cannot be blank.'], 'drug_codes': ['This field cannot be blank.'], 'torsionbv': ['This field cannot be blank.'], 'ffp2': ['This field cannot be blank.'], 'mfp2': ['This field cannot be blank.']}  
[c_upload_dDrug      ]  XX Telavancin () {'drug_id': ['This field cannot be blank.'], 'drug_othernames': ['This field cannot be blank.'], 'drug_codes': ['This field cannot be blank.'], 'torsionbv': ['This field cannot be blank.'], 'ffp2': ['This field cannot be blank.'], 'mfp2': ['This field cannot be blank.']}  
[c_upload_dDrug      ]  XX Telithromycin () {'drug_id': ['This field cannot be blank.'], 'drug_othernames': ['This field cannot be blank.'], 'drug_codes': ['This field cannot be blank.'], 'torsionbv': ['This field cannot be blank.'], 'ffp2': ['This field cannot be blank.'], 'mfp2': ['This field cannot be blank.']}  
[c_upload_dDrug      ]  XX Terbinafine () {'drug_id': ['This field cannot be blank.'], 'drug_othernames': ['This field cannot be blank.'], 'drug_codes': ['This field cannot be blank.'], 'torsionbv': ['This field cannot be blank.'], 'ffp2': ['This field cannot be blank.'], 'mfp2': ['This field cannot be blank.']}  
[c_upload_dDrug      ]  XX Tetracycline () {'drug_id': ['This field cannot be blank.'], 'drug_othernames': ['This field cannot be blank.'], 'drug_codes': ['This field cannot be blank.'], 'torsionbv': ['This field cannot be blank.'], 'ffp2': ['This field cannot be blank.'], 'mfp2': ['This field cannot be blank.']}  
[c_upload_dDrug      ]  XX Tiamulin () {'drug_id': ['This field cannot be blank.'], 'drug_othernames': ['This field cannot be blank.'], 'drug_codes': ['This field cannot be blank.'], 'torsionbv': ['This field cannot be blank.'], 'ffp2': ['This field cannot be blank.'], 'mfp2': ['This field cannot be blank.']}  
[c_upload_dDrug      ]  XX Ticarcillin () {'drug_id': ['This field cannot be blank.'], 'drug_othernames': ['This field cannot be blank.'], 'drug_codes': ['This field cannot be blank.'], 'torsionbv': ['This field cannot be blank.'], 'ffp2': ['This field cannot be blank.'], 'mfp2': ['This field cannot be blank.']}  
[c_upload_dDrug      ]  XX Ticarcillin|Clavulanic acid () {'drug_id': ['This field cannot be blank.'], 'drug_othernames': ['This field cannot be blank.'], 'drug_codes': ['This field cannot be blank.'], 'torsionbv': ['This field cannot be blank.'], 'ffp2': ['This field cannot be blank.'], 'mfp2': ['This field cannot be blank.']}  
[c_upload_dDrug      ]  XX Tigecycline () {'drug_id': ['This field cannot be blank.'], 'drug_othernames': ['This field cannot be blank.'], 'drug_codes': ['This field cannot be blank.'], 'torsionbv': ['This field cannot be blank.'], 'ffp2': ['This field cannot be blank.'], 'mfp2': ['This field cannot be blank.']}  
[c_upload_dDrug      ]  XX Tildipirosin () {'drug_id': ['This field cannot be blank.'], 'drug_othernames': ['This field cannot be blank.'], 'drug_codes': ['This field cannot be blank.'], 'torsionbv': ['This field cannot be blank.'], 'ffp2': ['This field cannot be blank.'], 'mfp2': ['This field cannot be blank.']}  
[c_upload_dDrug      ]  XX Tilmicosin () {'drug_id': ['This field cannot be blank.'], 'drug_othernames': ['This field cannot be blank.'], 'drug_codes': ['This field cannot be blank.'], 'torsionbv': ['This field cannot be blank.'], 'ffp2': ['This field cannot be blank.'], 'mfp2': ['This field cannot be blank.']}  
[c_upload_dDrug      ]  XX Tobramycin () {'drug_id': ['This field cannot be blank.'], 'drug_othernames': ['This field cannot be blank.'], 'drug_codes': ['This field cannot be blank.'], 'torsionbv': ['This field cannot be blank.'], 'ffp2': ['This field cannot be blank.'], 'mfp2': ['This field cannot be blank.']}  
[c_upload_dDrug      ]  XX Trimethoprim () {'drug_id': ['This field cannot be blank.'], 'drug_othernames': ['This field cannot be blank.'], 'drug_codes': ['This field cannot be blank.'], 'torsionbv': ['This field cannot be blank.'], 'ffp2': ['This field cannot be blank.'], 'mfp2': ['This field cannot be blank.']}  
[c_upload_dDrug      ]  XX Trimethoprim|Sulfamethoxazole () {'drug_id': ['This field cannot be blank.'], 'drug_othernames': ['This field cannot be blank.'], 'drug_codes': ['This field cannot be blank.'], 'torsionbv': ['This field cannot be blank.'], 'ffp2': ['This field cannot be blank.'], 'mfp2': ['This field cannot be blank.']}  
[c_upload_dDrug      ]  XX Trovafloxacin () {'drug_id': ['This field cannot be blank.'], 'drug_othernames': ['This field cannot be blank.'], 'drug_codes': ['This field cannot be blank.'], 'torsionbv': ['This field cannot be blank.'], 'ffp2': ['This field cannot be blank.'], 'mfp2': ['This field cannot be blank.']}  
[c_upload_dDrug      ]  XX Tulathromycin () {'drug_id': ['This field cannot be blank.'], 'drug_othernames': ['This field cannot be blank.'], 'drug_codes': ['This field cannot be blank.'], 'torsionbv': ['This field cannot be blank.'], 'ffp2': ['This field cannot be blank.'], 'mfp2': ['This field cannot be blank.']}  
[c_upload_dDrug      ]  XX Vaborbactam () {'drug_id': ['This field cannot be blank.'], 'drug_othernames': ['This field cannot be blank.'], 'drug_codes': ['This field cannot be blank.'], 'torsionbv': ['This field cannot be blank.'], 'ffp2': ['This field cannot be blank.'], 'mfp2': ['This field cannot be blank.']}  
[c_upload_dDrug      ]  XX Valnemulin () {'drug_id': ['This field cannot be blank.'], 'drug_othernames': ['This field cannot be blank.'], 'drug_codes': ['This field cannot be blank.'], 'torsionbv': ['This field cannot be blank.'], 'ffp2': ['This field cannot be blank.'], 'mfp2': ['This field cannot be blank.']}  
[c_upload_dDrug      ]  XX Vancomycin () {'drug_id': ['This field cannot be blank.'], 'drug_othernames': ['This field cannot be blank.'], 'drug_codes': ['This field cannot be blank.'], 'torsionbv': ['This field cannot be blank.'], 'ffp2': ['This field cannot be blank.'], 'mfp2': ['This field cannot be blank.']}  
[c_upload_dDrug      ]  XX Voriconazole () {'drug_id': ['This field cannot be blank.'], 'drug_othernames': ['This field cannot be blank.'], 'drug_codes': ['This field cannot be blank.'], 'torsionbv': ['This field cannot be blank.'], 'ffp2': ['This field cannot be blank.'], 'mfp2': ['This field cannot be blank.']}  
[c_upload_dDrug      ]  XX Zidebactam () {'drug_id': ['This field cannot be blank.'], 'drug_othernames': ['This field cannot be blank.'], 'drug_codes': ['This field cannot be blank.'], 'torsionbv': ['This field cannot be blank.'], 'ffp2': ['This field cannot be blank.'], 'mfp2': ['This field cannot be blank.']}  
[c_upload_dDrug      ]  XX Neomycin () {'drug_id': ['This field cannot be blank.'], 'drug_othernames': ['This field cannot be blank.'], 'drug_codes': ['This field cannot be blank.'], 'torsionbv': ['This field cannot be blank.'], 'ffp2': ['This field cannot be blank.'], 'mfp2': ['This field cannot be blank.']}  
[c_upload_dDrug      ]  XX Flumequine () {'drug_id': ['This field cannot be blank.'], 'drug_othernames': ['This field cannot be blank.'], 'drug_codes': ['This field cannot be blank.'], 'torsionbv': ['This field cannot be blank.'], 'ffp2': ['This field cannot be blank.'], 'mfp2': ['This field cannot be blank.']}  
[c_upload_dDrug      ]  XX ESBL () {'drug_id': ['This field cannot be blank.'], 'drug_othernames': ['This field cannot be blank.'], 'drug_codes': ['This field cannot be blank.'], 'torsionbv': ['This field cannot be blank.'], 'ffp2': ['This field cannot be blank.'], 'mfp2': ['This field cannot be blank.']}  
