[__main__            ] Python         : 3.10.6  
[__main__            ] Conda Env      : dj41py310 
[__main__            ] LogFile        : xUploadOrgDB_20230329_153028.log 
[__main__            ] Django         : 4.1.3 
[__main__            ] Django Folder  : C:/Data/A02_WorkDB/03_Django/adjCOADD 
[__main__            ] Django Project : adjcoadd.settings 
[__main__            ] [Upd_djCOADD] Table: OrgBatch 
[__main__            ] [Upd_djCOADD] User:  J.Zuegg 
[__main__            ] [Upd_djCOADD] OrgBatch from oraCastDB 
[oraCastDB.oraCastDB ] [OrgDB] Connecting to OrgDB  
[zSql.zSqlConnector  ] [Oracle] orgdb@coadb [SID: 264] 
[b_upload_dOrganism  ] [OrgBatch] ...  
[b_upload_dOrganism  ] [OrgBatch] 1963  
[zSql.zSqlConnector  ] [Oracle] orgdb@coadb [Closed]  
[b_upload_dOrganism  ]  >r GN_0060_01 as J.Zuegg 
[b_upload_dOrganism  ]  >r GN_0061_01 as J.Zuegg 
[b_upload_dOrganism  ]  >r GN_0062_01 as J.Zuegg 
[b_upload_dOrganism  ]  >r GN_0063_01 as J.Zuegg 
[b_upload_dOrganism  ]  >r GN_0064_01 as J.Zuegg 
[b_upload_dOrganism  ]  >r GN_0065_01 as J.Zuegg 
[b_upload_dOrganism  ]  >r GN_0066_01 as J.Zuegg 
[b_upload_dOrganism  ]  >r GN_0067_01 as J.Zuegg 
[b_upload_dOrganism  ]  >r GN_0068_01 as J.Zuegg 
[b_upload_dOrganism  ]  >r GN_0069_01 as J.Zuegg 
[b_upload_dOrganism  ]  >r GN_0070_01 as J.Zuegg 
[b_upload_dOrganism  ]  >r GN_0071_01 as J.Zuegg 
[b_upload_dOrganism  ]  >r GN_0072_01 as J.Zuegg 
[b_upload_dOrganism  ]  >r GN_0073_01 as J.Zuegg 
[b_upload_dOrganism  ]  >r GN_0074_01 as J.Zuegg 
[b_upload_dOrganism  ]  >r GN_0075_01 as J.Zuegg 
[b_upload_dOrganism  ]  >r GN_0076_01 as J.Zuegg 
[b_upload_dOrganism  ]  >r GN_0077_01 as J.Zuegg 
[b_upload_dOrganism  ]  >r GN_0078_01 as J.Zuegg 
[b_upload_dOrganism  ]  >r GN_0079_01 as J.Zuegg 
[b_upload_dOrganism  ]  >r GN_0080_01 as J.Zuegg 
[b_upload_dOrganism  ]  >r GN_0081_01 as J.Zuegg 
[b_upload_dOrganism  ]  >r GN_0082_01 as J.Zuegg 
[b_upload_dOrganism  ]  >r GN_0083_01 as J.Zuegg 
[b_upload_dOrganism  ]  >r GN_0084_01 as J.Zuegg 
[b_upload_dOrganism  ]  >r GN_0085_01 as J.Zuegg 
[b_upload_dOrganism  ]  >r GN_0086_01 as J.Zuegg 
[b_upload_dOrganism  ]  >r GN_0087_01 as J.Zuegg 
[b_upload_dOrganism  ]  >r GN_0088_01 as J.Zuegg 
[b_upload_dOrganism  ]  >r GN_0089_01 as J.Zuegg 
[b_upload_dOrganism  ]  >r GN_0090_01 as J.Zuegg 
[b_upload_dOrganism  ]  >r GN_0091_01 as J.Zuegg 
[b_upload_dOrganism  ]  >r GN_0092_01 as J.Zuegg 
[b_upload_dOrganism  ]  >r GN_0093_01 as J.Zuegg 
[b_upload_dOrganism  ]  >r GN_0094_01 as J.Zuegg 
[b_upload_dOrganism  ]  >r GN_0095_01 as J.Zuegg 
[b_upload_dOrganism  ]  >r GN_0096_01 as J.Zuegg 
[b_upload_dOrganism  ]  >r GN_0097_01 as J.Zuegg 
[b_upload_dOrganism  ]  >r GN_0098_01 as J.Zuegg 
[b_upload_dOrganism  ]  >r GN_0099_01 as J.Zuegg 
[b_upload_dOrganism  ]  >r GN_0100_01 as J.Zuegg 
[b_upload_dOrganism  ]  >r GN_0101_01 as J.Zuegg 
[b_upload_dOrganism  ]  >r GN_0102_01 as J.Zuegg 
[b_upload_dOrganism  ]  >r GN_0103_01 as J.Zuegg 
[b_upload_dOrganism  ]  >r GN_0104_01 as J.Zuegg 
[b_upload_dOrganism  ]  >r GN_0105_01 as J.Zuegg 
[b_upload_dOrganism  ]  >r GN_0106_01 as J.Zuegg 
[b_upload_dOrganism  ]  >r GN_0107_01 as J.Zuegg 
[b_upload_dOrganism  ]  >r GN_0108_01 as J.Zuegg 
[b_upload_dOrganism  ]  >r GN_0109_01 as J.Zuegg 
[b_upload_dOrganism  ]  >r GN_0110_01 as J.Zuegg 
[b_upload_dOrganism  ]  >r GN_0111_01 as J.Zuegg 
[b_upload_dOrganism  ]  >r GN_0112_01 as J.Zuegg 
[b_upload_dOrganism  ]  >r GN_0113_01 as J.Zuegg 
[b_upload_dOrganism  ]  >r GN_0114_01 as J.Zuegg 
[b_upload_dOrganism  ]  >r GN_0115_01 as J.Zuegg 
[b_upload_dOrganism  ]  >r GN_0116_01 as J.Zuegg 
[b_upload_dOrganism  ]  >r GN_0117_01 as J.Zuegg 
[b_upload_dOrganism  ]  >r GN_0118_01 as J.Zuegg 
[b_upload_dOrganism  ]  >r GN_0119_01 as J.Zuegg 
[b_upload_dOrganism  ]  >r GN_0120_01 as J.Zuegg 
[b_upload_dOrganism  ]  >r GN_0121_01 as J.Zuegg 
[b_upload_dOrganism  ]  >r GN_0122_01 as J.Zuegg 
[b_upload_dOrganism  ]  >r GN_0123_01 as J.Zuegg 
[b_upload_dOrganism  ]  >r GN_0124_01 as J.Zuegg 
[b_upload_dOrganism  ]  >r GN_0125_01 as J.Zuegg 
[b_upload_dOrganism  ]  >r GN_0126_01 as J.Zuegg 
[b_upload_dOrganism  ]  >r GN_0127_01 as J.Zuegg 
[b_upload_dOrganism  ]  >r GN_0182_01 as J.Zuegg 
[b_upload_dOrganism  ]  >r GN_0183_01 as J.Zuegg 
[b_upload_dOrganism  ]  >r GN_0184_01 as J.Zuegg 
[b_upload_dOrganism  ]  >r GN_0185_01 as J.Zuegg 
[b_upload_dOrganism  ]  >r GN_0186_01 as J.Zuegg 
[b_upload_dOrganism  ]  >r GN_0187_01 as J.Zuegg 
[b_upload_dOrganism  ]  >r GN_0188_01 as J.Zuegg 
[b_upload_dOrganism  ]  >r GN_0189_01 as J.Zuegg 
[b_upload_dOrganism  ]  >r GN_0190_01 as J.Zuegg 
[b_upload_dOrganism  ]  >r GN_0191_01 as J.Zuegg 
[b_upload_dOrganism  ] GN_0192_01 {'biologist': ['This field cannot be blank.']}  
[b_upload_dOrganism  ]  >r GN_0192_01 as J.Zuegg 
[b_upload_dOrganism  ]  >r GN_0193_01 as J.Zuegg 
[b_upload_dOrganism  ]  >r GN_0194_01 as J.Zuegg 
[b_upload_dOrganism  ]  >r GN_0195_01 as J.Zuegg 
[b_upload_dOrganism  ]  >r GN_0196_01 as J.Zuegg 
[b_upload_dOrganism  ]  >r GN_0197_01 as J.Zuegg 
[b_upload_dOrganism  ]  >r GN_0198_01 as J.Zuegg 
[b_upload_dOrganism  ]  >r GN_0199_01 as J.Zuegg 
[b_upload_dOrganism  ]  >r GN_0200_01 as J.Zuegg 
[b_upload_dOrganism  ] GN_0201_01 {'orgbatch_id': ['Organism_ batch with this OrgBatch ID already exists.']}  
[b_upload_dOrganism  ]  >r GN_0201_01 as J.Zuegg 
[b_upload_dOrganism  ]  >r GN_0202_01 as J.Zuegg 
[b_upload_dOrganism  ]  >r GN_0203_01 as J.Zuegg 
[b_upload_dOrganism  ]  >r GN_0204_01 as J.Zuegg 
[b_upload_dOrganism  ]  >r GN_0205_01 as J.Zuegg 
[b_upload_dOrganism  ]  >r GN_0206_01 as J.Zuegg 
