[__main__            ] Python         : 3.10.6  
[__main__            ] Conda Env      : dj41py310 
[__main__            ] LogFile        : xUploadOrgDB_20230330_122544.log 
[__main__            ] Django         : 4.1.3 
[__main__            ] Django Folder  : C:/Data/A02_WorkDB/03_Django/adjCOADD 
[__main__            ] Django Project : adjcoadd.settings 
[__main__            ] [Upd_djCOADD] Table: OrgBatch 
[__main__            ] [Upd_djCOADD] User:  J.Zuegg 
[__main__            ] [Upd_djCOADD] OrgBatch from oraCastDB 
[oraCastDB.oraCastDB ] [OrgDB] Connecting to OrgDB  
[zSql.zSqlConnector  ] [Oracle] orgdb@coadb [SID: 98] 
[b_upload_dOrganism  ] [OrgBatch] ...  
[b_upload_dOrganism  ] [OrgBatch] 1963  
[zSql.zSqlConnector  ] [Oracle] orgdb@coadb [Closed]  
[b_upload_dOrganism  ]  -> GN_0060_01 as J.Zuegg 
[b_upload_dOrganism  ]  -> GN_0061_01 as J.Zuegg 
[b_upload_dOrganism  ]  -> GN_0062_01 as J.Zuegg 
[b_upload_dOrganism  ]  -> GN_0063_01 as J.Zuegg 
[b_upload_dOrganism  ]  -> GN_0064_01 as J.Zuegg 
[b_upload_dOrganism  ]  -> GN_0065_01 as J.Zuegg 
[b_upload_dOrganism  ]  -> GN_0066_01 as J.Zuegg 
[b_upload_dOrganism  ]  -> GN_0067_01 as J.Zuegg 
[b_upload_dOrganism  ]  -> GN_0068_01 as J.Zuegg 
[b_upload_dOrganism  ]  -> GN_0069_01 as J.Zuegg 
[b_upload_dOrganism  ]  -> GN_0070_01 as J.Zuegg 
[b_upload_dOrganism  ]  -> GN_0071_01 as J.Zuegg 
